{"C:\\Users\\agarcia12345678\\Documents\\Personal\\realstate-app\\frontend\\src\\App.js": {"path":"C:\\Users\\agarcia12345678\\Documents\\Personal\\realstate-app\\frontend\\src\\App.js","statementMap":{"0":{"start":{"line":21,"column":25},"end":{"line":21,"column":63}},"1":{"start":{"line":24,"column":2},"end":{"line":57,"column":4}}},"fnMap":{"0":{"name":"App","decl":{"start":{"line":23,"column":9},"end":{"line":23,"column":12}},"loc":{"start":{"line":23,"column":15},"end":{"line":58,"column":1}},"line":23}},"branchMap":{},"s":{"0":0,"1":0},"f":{"0":0},"b":{}}
,"C:\\Users\\agarcia12345678\\Documents\\Personal\\realstate-app\\frontend\\src\\index.js": {"path":"C:\\Users\\agarcia12345678\\Documents\\Personal\\realstate-app\\frontend\\src\\index.js","statementMap":{"0":{"start":{"line":12,"column":13},"end":{"line":12,"column":65}},"1":{"start":{"line":13,"column":0},"end":{"line":20,"column":2}}},"fnMap":{},"branchMap":{},"s":{"0":0,"1":0},"f":{},"b":{}}
,"C:\\Users\\agarcia12345678\\Documents\\Personal\\realstate-app\\frontend\\src\\mockData.js": {"path":"C:\\Users\\agarcia12345678\\Documents\\Personal\\realstate-app\\frontend\\src\\mockData.js","statementMap":{"0":{"start":{"line":4,"column":26},"end":{"line":457,"column":1}},"1":{"start":{"line":459,"column":26},"end":{"line":912,"column":1}}},"fnMap":{},"branchMap":{},"s":{"0":0,"1":0},"f":{},"b":{}}
,"C:\\Users\\agarcia12345678\\Documents\\Personal\\realstate-app\\frontend\\src\\components\\AdminLayout.js": {"path":"C:\\Users\\agarcia12345678\\Documents\\Personal\\realstate-app\\frontend\\src\\components\\AdminLayout.js","statementMap":{"0":{"start":{"line":6,"column":20},"end":{"line":59,"column":1}},"1":{"start":{"line":7,"column":47},"end":{"line":7,"column":56}},"2":{"start":{"line":8,"column":19},"end":{"line":8,"column":32}},"3":{"start":{"line":11,"column":2},"end":{"line":14,"column":3}},"4":{"start":{"line":12,"column":4},"end":{"line":12,"column":23}},"5":{"start":{"line":13,"column":4},"end":{"line":13,"column":16}},"6":{"start":{"line":16,"column":23},"end":{"line":19,"column":3}},"7":{"start":{"line":17,"column":4},"end":{"line":17,"column":13}},"8":{"start":{"line":18,"column":4},"end":{"line":18,"column":23}},"9":{"start":{"line":21,"column":2},"end":{"line":58,"column":4}}},"fnMap":{"0":{"name":"(anonymous_0)","decl":{"start":{"line":6,"column":20},"end":{"line":6,"column":21}},"loc":{"start":{"line":6,"column":26},"end":{"line":59,"column":1}},"line":6},"1":{"name":"(anonymous_1)","decl":{"start":{"line":16,"column":23},"end":{"line":16,"column":24}},"loc":{"start":{"line":16,"column":29},"end":{"line":19,"column":3}},"line":16}},"branchMap":{"0":{"loc":{"start":{"line":11,"column":2},"end":{"line":14,"column":3}},"type":"if","locations":[{"start":{"line":11,"column":2},"end":{"line":14,"column":3}},{"start":{},"end":{}}],"line":11},"1":{"loc":{"start":{"line":11,"column":6},"end":{"line":11,"column":34}},"type":"binary-expr","locations":[{"start":{"line":11,"column":6},"end":{"line":11,"column":22}},{"start":{"line":11,"column":26},"end":{"line":11,"column":34}}],"line":11}},"s":{"0":0,"1":0,"2":0,"3":0,"4":0,"5":0,"6":0,"7":0,"8":0,"9":0},"f":{"0":0,"1":0},"b":{"0":[0,0],"1":[0,0]}}
,"C:\\Users\\agarcia12345678\\Documents\\Personal\\realstate-app\\frontend\\src\\components\\AdminPropertyList.js": {"path":"C:\\Users\\agarcia12345678\\Documents\\Personal\\realstate-app\\frontend\\src\\components\\AdminPropertyList.js","statementMap":{"0":{"start":{"line":5,"column":26},"end":{"line":117,"column":1}},"1":{"start":{"line":6,"column":20},"end":{"line":6,"column":29}},"2":{"start":{"line":7,"column":38},"end":{"line":7,"column":50}},"3":{"start":{"line":8,"column":32},"end":{"line":8,"column":46}},"4":{"start":{"line":9,"column":28},"end":{"line":9,"column":42}},"5":{"start":{"line":11,"column":2},"end":{"line":36,"column":14}},"6":{"start":{"line":12,"column":28},"end":{"line":31,"column":5}},"7":{"start":{"line":13,"column":6},"end":{"line":30,"column":7}},"8":{"start":{"line":14,"column":25},"end":{"line":18,"column":10}},"9":{"start":{"line":20,"column":8},"end":{"line":22,"column":9}},"10":{"start":{"line":21,"column":10},"end":{"line":21,"column":68}},"11":{"start":{"line":24,"column":21},"end":{"line":24,"column":42}},"12":{"start":{"line":25,"column":8},"end":{"line":25,"column":28}},"13":{"start":{"line":27,"column":8},"end":{"line":27,"column":30}},"14":{"start":{"line":29,"column":8},"end":{"line":29,"column":26}},"15":{"start":{"line":33,"column":4},"end":{"line":35,"column":5}},"16":{"start":{"line":34,"column":6},"end":{"line":34,"column":24}},"17":{"start":{"line":38,"column":23},"end":{"line":60,"column":3}},"18":{"start":{"line":39,"column":4},"end":{"line":59,"column":5}},"19":{"start":{"line":40,"column":6},"end":{"line":58,"column":7}},"20":{"start":{"line":41,"column":25},"end":{"line":46,"column":10}},"21":{"start":{"line":48,"column":8},"end":{"line":50,"column":9}},"22":{"start":{"line":49,"column":10},"end":{"line":49,"column":68}},"23":{"start":{"line":53,"column":8},"end":{"line":53,"column":67}},"24":{"start":{"line":53,"column":45},"end":{"line":53,"column":64}},"25":{"start":{"line":54,"column":8},"end":{"line":54,"column":48}},"26":{"start":{"line":56,"column":8},"end":{"line":56,"column":30}},"27":{"start":{"line":57,"column":8},"end":{"line":57,"column":59}},"28":{"start":{"line":62,"column":2},"end":{"line":62,"column":84}},"29":{"start":{"line":62,"column":15},"end":{"line":62,"column":84}},"30":{"start":{"line":63,"column":2},"end":{"line":63,"column":88}},"31":{"start":{"line":63,"column":13},"end":{"line":63,"column":88}},"32":{"start":{"line":65,"column":2},"end":{"line":116,"column":4}},"33":{"start":{"line":90,"column":16},"end":{"line":109,"column":21}},"34":{"start":{"line":103,"column":37},"end":{"line":103,"column":62}}},"fnMap":{"0":{"name":"(anonymous_0)","decl":{"start":{"line":5,"column":26},"end":{"line":5,"column":27}},"loc":{"start":{"line":5,"column":32},"end":{"line":117,"column":1}},"line":5},"1":{"name":"(anonymous_1)","decl":{"start":{"line":11,"column":12},"end":{"line":11,"column":13}},"loc":{"start":{"line":11,"column":18},"end":{"line":36,"column":3}},"line":11},"2":{"name":"(anonymous_2)","decl":{"start":{"line":12,"column":28},"end":{"line":12,"column":29}},"loc":{"start":{"line":12,"column":40},"end":{"line":31,"column":5}},"line":12},"3":{"name":"(anonymous_3)","decl":{"start":{"line":38,"column":23},"end":{"line":38,"column":24}},"loc":{"start":{"line":38,"column":45},"end":{"line":60,"column":3}},"line":38},"4":{"name":"(anonymous_4)","decl":{"start":{"line":53,"column":40},"end":{"line":53,"column":41}},"loc":{"start":{"line":53,"column":45},"end":{"line":53,"column":64}},"line":53},"5":{"name":"(anonymous_5)","decl":{"start":{"line":89,"column":30},"end":{"line":89,"column":31}},"loc":{"start":{"line":90,"column":16},"end":{"line":109,"column":21}},"line":90},"6":{"name":"(anonymous_6)","decl":{"start":{"line":103,"column":31},"end":{"line":103,"column":32}},"loc":{"start":{"line":103,"column":37},"end":{"line":103,"column":62}},"line":103}},"branchMap":{"0":{"loc":{"start":{"line":20,"column":8},"end":{"line":22,"column":9}},"type":"if","locations":[{"start":{"line":20,"column":8},"end":{"line":22,"column":9}},{"start":{},"end":{}}],"line":20},"1":{"loc":{"start":{"line":33,"column":4},"end":{"line":35,"column":5}},"type":"if","locations":[{"start":{"line":33,"column":4},"end":{"line":35,"column":5}},{"start":{},"end":{}}],"line":33},"2":{"loc":{"start":{"line":39,"column":4},"end":{"line":59,"column":5}},"type":"if","locations":[{"start":{"line":39,"column":4},"end":{"line":59,"column":5}},{"start":{},"end":{}}],"line":39},"3":{"loc":{"start":{"line":48,"column":8},"end":{"line":50,"column":9}},"type":"if","locations":[{"start":{"line":48,"column":8},"end":{"line":50,"column":9}},{"start":{},"end":{}}],"line":48},"4":{"loc":{"start":{"line":62,"column":2},"end":{"line":62,"column":84}},"type":"if","locations":[{"start":{"line":62,"column":2},"end":{"line":62,"column":84}},{"start":{},"end":{}}],"line":62},"5":{"loc":{"start":{"line":63,"column":2},"end":{"line":63,"column":88}},"type":"if","locations":[{"start":{"line":63,"column":2},"end":{"line":63,"column":88}},{"start":{},"end":{}}],"line":63},"6":{"loc":{"start":{"line":74,"column":7},"end":{"line":114,"column":7}},"type":"cond-expr","locations":[{"start":{"line":75,"column":8},"end":{"line":75,"column":50}},{"start":{"line":77,"column":8},"end":{"line":113,"column":14}}],"line":74}},"s":{"0":0,"1":0,"2":0,"3":0,"4":0,"5":0,"6":0,"7":0,"8":0,"9":0,"10":0,"11":0,"12":0,"13":0,"14":0,"15":0,"16":0,"17":0,"18":0,"19":0,"20":0,"21":0,"22":0,"23":0,"24":0,"25":0,"26":0,"27":0,"28":0,"29":0,"30":0,"31":0,"32":0,"33":0,"34":0},"f":{"0":0,"1":0,"2":0,"3":0,"4":0,"5":0,"6":0},"b":{"0":[0,0],"1":[0,0],"2":[0,0],"3":[0,0],"4":[0,0],"5":[0,0],"6":[0,0]}}
,"C:\\Users\\agarcia12345678\\Documents\\Personal\\realstate-app\\frontend\\src\\components\\AuthModal.js": {"path":"C:\\Users\\agarcia12345678\\Documents\\Personal\\realstate-app\\frontend\\src\\components\\AuthModal.js","statementMap":{"0":{"start":{"line":6,"column":26},"end":{"line":30,"column":1}},"1":{"start":{"line":7,"column":28},"end":{"line":13,"column":3}},"2":{"start":{"line":8,"column":4},"end":{"line":12,"column":5}},"3":{"start":{"line":9,"column":6},"end":{"line":9,"column":75}},"4":{"start":{"line":11,"column":6},"end":{"line":11,"column":37}},"5":{"start":{"line":15,"column":2},"end":{"line":29,"column":4}},"6":{"start":{"line":33,"column":36},"end":{"line":33,"column":56}},"7":{"start":{"line":34,"column":36},"end":{"line":34,"column":73}},"8":{"start":{"line":35,"column":42},"end":{"line":35,"column":89}},"9":{"start":{"line":36,"column":28},"end":{"line":36,"column":40}},"10":{"start":{"line":37,"column":32},"end":{"line":37,"column":44}},"11":{"start":{"line":38,"column":32},"end":{"line":38,"column":47}},"12":{"start":{"line":39,"column":23},"end":{"line":39,"column":50}},"13":{"start":{"line":40,"column":20},"end":{"line":40,"column":29}},"14":{"start":{"line":42,"column":23},"end":{"line":85,"column":3}},"15":{"start":{"line":87,"column":12},"end":{"line":87,"column":34}},"16":{"start":{"line":89,"column":20},"end":{"line":95,"column":3}},"17":{"start":{"line":90,"column":4},"end":{"line":90,"column":46}},"18":{"start":{"line":91,"column":4},"end":{"line":91,"column":59}},"19":{"start":{"line":92,"column":4},"end":{"line":92,"column":17}},"20":{"start":{"line":93,"column":4},"end":{"line":93,"column":19}},"21":{"start":{"line":94,"column":4},"end":{"line":94,"column":22}},"22":{"start":{"line":97,"column":22},"end":{"line":100,"column":3}},"23":{"start":{"line":98,"column":4},"end":{"line":98,"column":16}},"24":{"start":{"line":99,"column":4},"end":{"line":99,"column":14}},"25":{"start":{"line":102,"column":23},"end":{"line":120,"column":3}},"26":{"start":{"line":103,"column":4},"end":{"line":106,"column":5}},"27":{"start":{"line":104,"column":6},"end":{"line":104,"column":32}},"28":{"start":{"line":105,"column":6},"end":{"line":105,"column":19}},"29":{"start":{"line":107,"column":4},"end":{"line":110,"column":5}},"30":{"start":{"line":108,"column":6},"end":{"line":108,"column":32}},"31":{"start":{"line":109,"column":6},"end":{"line":109,"column":19}},"32":{"start":{"line":111,"column":4},"end":{"line":114,"column":5}},"33":{"start":{"line":112,"column":6},"end":{"line":112,"column":31}},"34":{"start":{"line":113,"column":6},"end":{"line":113,"column":19}},"35":{"start":{"line":115,"column":4},"end":{"line":118,"column":5}},"36":{"start":{"line":116,"column":6},"end":{"line":116,"column":33}},"37":{"start":{"line":117,"column":6},"end":{"line":117,"column":19}},"38":{"start":{"line":119,"column":4},"end":{"line":119,"column":16}},"39":{"start":{"line":122,"column":22},"end":{"line":152,"column":3}},"40":{"start":{"line":123,"column":4},"end":{"line":123,"column":23}},"41":{"start":{"line":124,"column":4},"end":{"line":124,"column":17}},"42":{"start":{"line":125,"column":4},"end":{"line":125,"column":21}},"43":{"start":{"line":127,"column":4},"end":{"line":130,"column":5}},"44":{"start":{"line":128,"column":6},"end":{"line":128,"column":24}},"45":{"start":{"line":129,"column":6},"end":{"line":129,"column":13}},"46":{"start":{"line":132,"column":4},"end":{"line":151,"column":5}},"47":{"start":{"line":133,"column":23},"end":{"line":137,"column":8}},"48":{"start":{"line":139,"column":19},"end":{"line":139,"column":40}},"49":{"start":{"line":141,"column":6},"end":{"line":146,"column":7}},"50":{"start":{"line":142,"column":8},"end":{"line":142,"column":33}},"51":{"start":{"line":143,"column":8},"end":{"line":143,"column":22}},"52":{"start":{"line":145,"column":8},"end":{"line":145,"column":45}},"53":{"start":{"line":148,"column":6},"end":{"line":148,"column":29}},"54":{"start":{"line":150,"column":6},"end":{"line":150,"column":24}},"55":{"start":{"line":154,"column":25},"end":{"line":189,"column":3}},"56":{"start":{"line":155,"column":4},"end":{"line":155,"column":23}},"57":{"start":{"line":156,"column":4},"end":{"line":156,"column":17}},"58":{"start":{"line":157,"column":4},"end":{"line":157,"column":19}},"59":{"start":{"line":158,"column":4},"end":{"line":158,"column":21}},"60":{"start":{"line":160,"column":4},"end":{"line":163,"column":5}},"61":{"start":{"line":161,"column":6},"end":{"line":161,"column":24}},"62":{"start":{"line":162,"column":6},"end":{"line":162,"column":13}},"63":{"start":{"line":165,"column":4},"end":{"line":188,"column":5}},"64":{"start":{"line":166,"column":23},"end":{"line":170,"column":8}},"65":{"start":{"line":172,"column":19},"end":{"line":172,"column":40}},"66":{"start":{"line":174,"column":6},"end":{"line":183,"column":7}},"67":{"start":{"line":175,"column":8},"end":{"line":175,"column":38}},"68":{"start":{"line":176,"column":8},"end":{"line":176,"column":63}},"69":{"start":{"line":177,"column":8},"end":{"line":180,"column":17}},"70":{"start":{"line":178,"column":10},"end":{"line":178,"column":32}},"71":{"start":{"line":179,"column":10},"end":{"line":179,"column":25}},"72":{"start":{"line":182,"column":8},"end":{"line":182,"column":48}},"73":{"start":{"line":185,"column":6},"end":{"line":185,"column":32}},"74":{"start":{"line":187,"column":6},"end":{"line":187,"column":24}},"75":{"start":{"line":191,"column":2},"end":{"line":191,"column":27}},"76":{"start":{"line":191,"column":15},"end":{"line":191,"column":27}},"77":{"start":{"line":193,"column":2},"end":{"line":320,"column":4}},"78":{"start":{"line":195,"column":50},"end":{"line":195,"column":69}},"79":{"start":{"line":205,"column":16},"end":{"line":205,"column":38}},"80":{"start":{"line":206,"column":16},"end":{"line":206,"column":29}},"81":{"start":{"line":207,"column":16},"end":{"line":207,"column":31}},"82":{"start":{"line":215,"column":16},"end":{"line":215,"column":41}},"83":{"start":{"line":216,"column":16},"end":{"line":216,"column":29}},"84":{"start":{"line":217,"column":16},"end":{"line":217,"column":31}},"85":{"start":{"line":237,"column":35},"end":{"line":237,"column":88}},"86":{"start":{"line":248,"column":35},"end":{"line":248,"column":91}},"87":{"start":{"line":264,"column":80},"end":{"line":264,"column":104}},"88":{"start":{"line":275,"column":35},"end":{"line":275,"column":93}},"89":{"start":{"line":286,"column":35},"end":{"line":286,"column":94}},"90":{"start":{"line":297,"column":35},"end":{"line":297,"column":97}},"91":{"start":{"line":313,"column":89},"end":{"line":313,"column":110}}},"fnMap":{"0":{"name":"(anonymous_0)","decl":{"start":{"line":6,"column":26},"end":{"line":6,"column":27}},"loc":{"start":{"line":6,"column":43},"end":{"line":30,"column":1}},"line":6},"1":{"name":"(anonymous_1)","decl":{"start":{"line":7,"column":28},"end":{"line":7,"column":29}},"loc":{"start":{"line":7,"column":34},"end":{"line":13,"column":3}},"line":7},"2":{"name":"AuthModal","decl":{"start":{"line":32,"column":9},"end":{"line":32,"column":18}},"loc":{"start":{"line":32,"column":62},"end":{"line":321,"column":1}},"line":32},"3":{"name":"(anonymous_3)","decl":{"start":{"line":89,"column":20},"end":{"line":89,"column":21}},"loc":{"start":{"line":89,"column":26},"end":{"line":95,"column":3}},"line":89},"4":{"name":"(anonymous_4)","decl":{"start":{"line":97,"column":22},"end":{"line":97,"column":23}},"loc":{"start":{"line":97,"column":28},"end":{"line":100,"column":3}},"line":97},"5":{"name":"(anonymous_5)","decl":{"start":{"line":102,"column":23},"end":{"line":102,"column":24}},"loc":{"start":{"line":102,"column":50},"end":{"line":120,"column":3}},"line":102},"6":{"name":"(anonymous_6)","decl":{"start":{"line":122,"column":22},"end":{"line":122,"column":23}},"loc":{"start":{"line":122,"column":35},"end":{"line":152,"column":3}},"line":122},"7":{"name":"(anonymous_7)","decl":{"start":{"line":154,"column":25},"end":{"line":154,"column":26}},"loc":{"start":{"line":154,"column":38},"end":{"line":189,"column":3}},"line":154},"8":{"name":"(anonymous_8)","decl":{"start":{"line":177,"column":19},"end":{"line":177,"column":20}},"loc":{"start":{"line":177,"column":25},"end":{"line":180,"column":9}},"line":177},"9":{"name":"(anonymous_9)","decl":{"start":{"line":195,"column":43},"end":{"line":195,"column":44}},"loc":{"start":{"line":195,"column":50},"end":{"line":195,"column":69}},"line":195},"10":{"name":"(anonymous_10)","decl":{"start":{"line":204,"column":23},"end":{"line":204,"column":24}},"loc":{"start":{"line":204,"column":29},"end":{"line":208,"column":15}},"line":204},"11":{"name":"(anonymous_11)","decl":{"start":{"line":214,"column":23},"end":{"line":214,"column":24}},"loc":{"start":{"line":214,"column":29},"end":{"line":218,"column":15}},"line":214},"12":{"name":"(anonymous_12)","decl":{"start":{"line":237,"column":28},"end":{"line":237,"column":29}},"loc":{"start":{"line":237,"column":35},"end":{"line":237,"column":88}},"line":237},"13":{"name":"(anonymous_13)","decl":{"start":{"line":248,"column":28},"end":{"line":248,"column":29}},"loc":{"start":{"line":248,"column":35},"end":{"line":248,"column":91}},"line":248},"14":{"name":"(anonymous_14)","decl":{"start":{"line":264,"column":74},"end":{"line":264,"column":75}},"loc":{"start":{"line":264,"column":80},"end":{"line":264,"column":104}},"line":264},"15":{"name":"(anonymous_15)","decl":{"start":{"line":275,"column":28},"end":{"line":275,"column":29}},"loc":{"start":{"line":275,"column":35},"end":{"line":275,"column":93}},"line":275},"16":{"name":"(anonymous_16)","decl":{"start":{"line":286,"column":28},"end":{"line":286,"column":29}},"loc":{"start":{"line":286,"column":35},"end":{"line":286,"column":94}},"line":286},"17":{"name":"(anonymous_17)","decl":{"start":{"line":297,"column":28},"end":{"line":297,"column":29}},"loc":{"start":{"line":297,"column":35},"end":{"line":297,"column":97}},"line":297},"18":{"name":"(anonymous_18)","decl":{"start":{"line":313,"column":83},"end":{"line":313,"column":84}},"loc":{"start":{"line":313,"column":89},"end":{"line":313,"column":110}},"line":313}},"branchMap":{"0":{"loc":{"start":{"line":32,"column":38},"end":{"line":32,"column":58}},"type":"default-arg","locations":[{"start":{"line":32,"column":51},"end":{"line":32,"column":58}}],"line":32},"1":{"loc":{"start":{"line":102,"column":30},"end":{"line":102,"column":45}},"type":"default-arg","locations":[{"start":{"line":102,"column":40},"end":{"line":102,"column":45}}],"line":102},"2":{"loc":{"start":{"line":103,"column":4},"end":{"line":106,"column":5}},"type":"if","locations":[{"start":{"line":103,"column":4},"end":{"line":106,"column":5}},{"start":{},"end":{}}],"line":103},"3":{"loc":{"start":{"line":103,"column":8},"end":{"line":103,"column":37}},"type":"binary-expr","locations":[{"start":{"line":103,"column":8},"end":{"line":103,"column":16}},{"start":{"line":103,"column":20},"end":{"line":103,"column":37}}],"line":103},"4":{"loc":{"start":{"line":107,"column":4},"end":{"line":110,"column":5}},"type":"if","locations":[{"start":{"line":107,"column":4},"end":{"line":110,"column":5}},{"start":{},"end":{}}],"line":107},"5":{"loc":{"start":{"line":111,"column":4},"end":{"line":114,"column":5}},"type":"if","locations":[{"start":{"line":111,"column":4},"end":{"line":114,"column":5}},{"start":{},"end":{}}],"line":111},"6":{"loc":{"start":{"line":115,"column":4},"end":{"line":118,"column":5}},"type":"if","locations":[{"start":{"line":115,"column":4},"end":{"line":118,"column":5}},{"start":{},"end":{}}],"line":115},"7":{"loc":{"start":{"line":115,"column":8},"end":{"line":115,"column":50}},"type":"binary-expr","locations":[{"start":{"line":115,"column":8},"end":{"line":115,"column":22}},{"start":{"line":115,"column":26},"end":{"line":115,"column":50}}],"line":115},"8":{"loc":{"start":{"line":127,"column":4},"end":{"line":130,"column":5}},"type":"if","locations":[{"start":{"line":127,"column":4},"end":{"line":130,"column":5}},{"start":{},"end":{}}],"line":127},"9":{"loc":{"start":{"line":141,"column":6},"end":{"line":146,"column":7}},"type":"if","locations":[{"start":{"line":141,"column":6},"end":{"line":146,"column":7}},{"start":{"line":144,"column":13},"end":{"line":146,"column":7}}],"line":141},"10":{"loc":{"start":{"line":145,"column":17},"end":{"line":145,"column":43}},"type":"binary-expr","locations":[{"start":{"line":145,"column":17},"end":{"line":145,"column":27}},{"start":{"line":145,"column":31},"end":{"line":145,"column":43}}],"line":145},"11":{"loc":{"start":{"line":160,"column":4},"end":{"line":163,"column":5}},"type":"if","locations":[{"start":{"line":160,"column":4},"end":{"line":163,"column":5}},{"start":{},"end":{}}],"line":160},"12":{"loc":{"start":{"line":174,"column":6},"end":{"line":183,"column":7}},"type":"if","locations":[{"start":{"line":174,"column":6},"end":{"line":183,"column":7}},{"start":{"line":181,"column":13},"end":{"line":183,"column":7}}],"line":174},"13":{"loc":{"start":{"line":182,"column":17},"end":{"line":182,"column":46}},"type":"binary-expr","locations":[{"start":{"line":182,"column":17},"end":{"line":182,"column":27}},{"start":{"line":182,"column":31},"end":{"line":182,"column":46}}],"line":182},"14":{"loc":{"start":{"line":191,"column":2},"end":{"line":191,"column":27}},"type":"if","locations":[{"start":{"line":191,"column":2},"end":{"line":191,"column":27}},{"start":{},"end":{}}],"line":191},"15":{"loc":{"start":{"line":203,"column":37},"end":{"line":203,"column":74}},"type":"cond-expr","locations":[{"start":{"line":203,"column":61},"end":{"line":203,"column":69}},{"start":{"line":203,"column":72},"end":{"line":203,"column":74}}],"line":203},"16":{"loc":{"start":{"line":213,"column":37},"end":{"line":213,"column":77}},"type":"cond-expr","locations":[{"start":{"line":213,"column":64},"end":{"line":213,"column":72}},{"start":{"line":213,"column":75},"end":{"line":213,"column":77}}],"line":213},"17":{"loc":{"start":{"line":226,"column":11},"end":{"line":226,"column":61}},"type":"binary-expr","locations":[{"start":{"line":226,"column":11},"end":{"line":226,"column":16}},{"start":{"line":226,"column":20},"end":{"line":226,"column":61}}],"line":226},"18":{"loc":{"start":{"line":227,"column":11},"end":{"line":227,"column":67}},"type":"binary-expr","locations":[{"start":{"line":227,"column":11},"end":{"line":227,"column":18}},{"start":{"line":227,"column":22},"end":{"line":227,"column":67}}],"line":227},"19":{"loc":{"start":{"line":229,"column":11},"end":{"line":316,"column":11}},"type":"cond-expr","locations":[{"start":{"line":230,"column":12},"end":{"line":266,"column":19}},{"start":{"line":268,"column":12},"end":{"line":315,"column":19}}],"line":229},"20":{"loc":{"start":{"line":254,"column":17},"end":{"line":254,"column":48}},"type":"cond-expr","locations":[{"start":{"line":254,"column":27},"end":{"line":254,"column":32}},{"start":{"line":254,"column":35},"end":{"line":254,"column":48}}],"line":254},"21":{"loc":{"start":{"line":303,"column":17},"end":{"line":303,"column":51}},"type":"cond-expr","locations":[{"start":{"line":303,"column":27},"end":{"line":303,"column":32}},{"start":{"line":303,"column":35},"end":{"line":303,"column":51}}],"line":303}},"s":{"0":1,"1":18,"2":0,"3":0,"4":0,"5":18,"6":18,"7":18,"8":18,"9":18,"10":18,"11":18,"12":18,"13":18,"14":18,"15":18,"16":18,"17":0,"18":0,"19":0,"20":0,"21":0,"22":18,"23":0,"24":0,"25":18,"26":0,"27":0,"28":0,"29":0,"30":0,"31":0,"32":0,"33":0,"34":0,"35":0,"36":0,"37":0,"38":0,"39":18,"40":0,"41":0,"42":0,"43":0,"44":0,"45":0,"46":0,"47":0,"48":0,"49":0,"50":0,"51":0,"52":0,"53":0,"54":0,"55":18,"56":0,"57":0,"58":0,"59":0,"60":0,"61":0,"62":0,"63":0,"64":0,"65":0,"66":0,"67":0,"68":0,"69":0,"70":0,"71":0,"72":0,"73":0,"74":0,"75":18,"76":0,"77":18,"78":1,"79":0,"80":0,"81":0,"82":1,"83":1,"84":1,"85":2,"86":2,"87":0,"88":2,"89":2,"90":2,"91":0},"f":{"0":18,"1":0,"2":18,"3":0,"4":0,"5":0,"6":0,"7":0,"8":0,"9":1,"10":0,"11":1,"12":2,"13":2,"14":0,"15":2,"16":2,"17":2,"18":0},"b":{"0":[0],"1":[0],"2":[0,0],"3":[0,0],"4":[0,0],"5":[0,0],"6":[0,0],"7":[0,0],"8":[0,0],"9":[0,0],"10":[0,0],"11":[0,0],"12":[0,0],"13":[0,0],"14":[0,18],"15":[8,10],"16":[10,8],"17":[18,0],"18":[18,0],"19":[8,10],"20":[0,8],"21":[0,10]},"_coverageSchema":"1a1c01bbd47fc00a2c39e90264f33305004495a9","hash":"c405a97252d0c6e3469dffe179b1fe4be190e898"}
,"C:\\Users\\agarcia12345678\\Documents\\Personal\\realstate-app\\frontend\\src\\components\\BookingModal.js": {"path":"C:\\Users\\agarcia12345678\\Documents\\Personal\\realstate-app\\frontend\\src\\components\\BookingModal.js","statementMap":{},"fnMap":{},"branchMap":{},"s":{},"f":{},"b":{}}
,"C:\\Users\\agarcia12345678\\Documents\\Personal\\realstate-app\\frontend\\src\\components\\ColombianSnake.tsx": {"path":"C:\\Users\\agarcia12345678\\Documents\\Personal\\realstate-app\\frontend\\src\\components\\ColombianSnake.tsx","statementMap":{"0":{"start":{"line":13,"column":54},"end":{"line":99,"column":1}},"1":{"start":{"line":14,"column":17},"end":{"line":14,"column":44}},"2":{"start":{"line":15,"column":18},"end":{"line":15,"column":46}},"3":{"start":{"line":16,"column":40},"end":{"line":16,"column":51}},"4":{"start":{"line":18,"column":2},"end":{"line":55,"column":18}},"5":{"start":{"line":19,"column":26},"end":{"line":19,"column":43}},"6":{"start":{"line":20,"column":23},"end":{"line":20,"column":37}},"7":{"start":{"line":21,"column":24},"end":{"line":21,"column":39}},"8":{"start":{"line":23,"column":4},"end":{"line":23,"column":62}},"9":{"start":{"line":23,"column":55},"end":{"line":23,"column":62}},"10":{"start":{"line":25,"column":21},"end":{"line":48,"column":5}},"11":{"start":{"line":26,"column":24},"end":{"line":26,"column":26}},"12":{"start":{"line":27,"column":21},"end":{"line":27,"column":58}},"13":{"start":{"line":28,"column":22},"end":{"line":28,"column":53}},"14":{"start":{"line":29,"column":29},"end":{"line":29,"column":64}},"15":{"start":{"line":31,"column":8},"end":{"line":31,"column":65}},"16":{"start":{"line":32,"column":8},"end":{"line":32,"column":67}},"17":{"start":{"line":33,"column":27},"end":{"line":33,"column":96}},"18":{"start":{"line":34,"column":8},"end":{"line":34,"column":77}},"19":{"start":{"line":35,"column":8},"end":{"line":35,"column":74}},"20":{"start":{"line":36,"column":8},"end":{"line":36,"column":107}},"21":{"start":{"line":38,"column":26},"end":{"line":38,"column":36}},"22":{"start":{"line":39,"column":27},"end":{"line":39,"column":38}},"23":{"start":{"line":40,"column":18},"end":{"line":40,"column":71}},"24":{"start":{"line":41,"column":25},"end":{"line":41,"column":469}},"25":{"start":{"line":43,"column":8},"end":{"line":43,"column":48}},"26":{"start":{"line":45,"column":23},"end":{"line":45,"column":51}},"27":{"start":{"line":46,"column":8},"end":{"line":46,"column":31}},"28":{"start":{"line":47,"column":8},"end":{"line":47,"column":61}},"29":{"start":{"line":50,"column":27},"end":{"line":50,"column":55}},"30":{"start":{"line":51,"column":4},"end":{"line":51,"column":42}},"31":{"start":{"line":52,"column":4},"end":{"line":52,"column":15}},"32":{"start":{"line":54,"column":4},"end":{"line":54,"column":45}},"33":{"start":{"line":54,"column":17},"end":{"line":54,"column":44}},"34":{"start":{"line":57,"column":21},"end":{"line":57,"column":68}},"35":{"start":{"line":59,"column":2},"end":{"line":98,"column":4}}},"fnMap":{"0":{"name":"(anonymous_0)","decl":{"start":{"line":13,"column":54},"end":{"line":13,"column":55}},"loc":{"start":{"line":13,"column":84},"end":{"line":99,"column":1}},"line":13},"1":{"name":"(anonymous_1)","decl":{"start":{"line":18,"column":18},"end":{"line":18,"column":19}},"loc":{"start":{"line":18,"column":24},"end":{"line":55,"column":3}},"line":18},"2":{"name":"(anonymous_2)","decl":{"start":{"line":25,"column":21},"end":{"line":25,"column":22}},"loc":{"start":{"line":25,"column":27},"end":{"line":48,"column":5}},"line":25},"3":{"name":"(anonymous_3)","decl":{"start":{"line":54,"column":11},"end":{"line":54,"column":12}},"loc":{"start":{"line":54,"column":17},"end":{"line":54,"column":44}},"line":54}},"branchMap":{"0":{"loc":{"start":{"line":23,"column":4},"end":{"line":23,"column":62}},"type":"if","locations":[{"start":{"line":23,"column":4},"end":{"line":23,"column":62}},{"start":{},"end":{}}],"line":23},"1":{"loc":{"start":{"line":23,"column":8},"end":{"line":23,"column":53}},"type":"binary-expr","locations":[{"start":{"line":23,"column":8},"end":{"line":23,"column":22}},{"start":{"line":23,"column":26},"end":{"line":23,"column":37}},{"start":{"line":23,"column":41},"end":{"line":23,"column":53}}],"line":23},"2":{"loc":{"start":{"line":29,"column":29},"end":{"line":29,"column":64}},"type":"binary-expr","locations":[{"start":{"line":29,"column":29},"end":{"line":29,"column":59}},{"start":{"line":29,"column":63},"end":{"line":29,"column":64}}],"line":29},"3":{"loc":{"start":{"line":33,"column":28},"end":{"line":33,"column":71}},"type":"binary-expr","locations":[{"start":{"line":33,"column":28},"end":{"line":33,"column":54}},{"start":{"line":33,"column":58},"end":{"line":33,"column":71}}],"line":33},"4":{"loc":{"start":{"line":63,"column":25},"end":{"line":63,"column":104}},"type":"cond-expr","locations":[{"start":{"line":63,"column":37},"end":{"line":63,"column":67}},{"start":{"line":63,"column":70},"end":{"line":63,"column":104}}],"line":63},"5":{"loc":{"start":{"line":83,"column":23},"end":{"line":83,"column":40}},"type":"cond-expr","locations":[{"start":{"line":83,"column":35},"end":{"line":83,"column":36}},{"start":{"line":83,"column":39},"end":{"line":83,"column":40}}],"line":83}},"s":{"0":0,"1":0,"2":0,"3":0,"4":0,"5":0,"6":0,"7":0,"8":0,"9":0,"10":0,"11":0,"12":0,"13":0,"14":0,"15":0,"16":0,"17":0,"18":0,"19":0,"20":0,"21":0,"22":0,"23":0,"24":0,"25":0,"26":0,"27":0,"28":0,"29":0,"30":0,"31":0,"32":0,"33":0,"34":0,"35":0},"f":{"0":0,"1":0,"2":0,"3":0},"b":{"0":[0,0],"1":[0,0,0],"2":[0,0],"3":[0,0],"4":[0,0],"5":[0,0]}}
,"C:\\Users\\agarcia12345678\\Documents\\Personal\\realstate-app\\frontend\\src\\components\\ContractModal.js": {"path":"C:\\Users\\agarcia12345678\\Documents\\Personal\\realstate-app\\frontend\\src\\components\\ContractModal.js","statementMap":{"0":{"start":{"line":4,"column":34},"end":{"line":10,"column":4}},"1":{"start":{"line":12,"column":42},"end":{"line":12,"column":57}},"2":{"start":{"line":13,"column":42},"end":{"line":13,"column":56}},"3":{"start":{"line":16,"column":2},"end":{"line":30,"column":24}},"4":{"start":{"line":17,"column":25},"end":{"line":19,"column":5}},"5":{"start":{"line":18,"column":6},"end":{"line":18,"column":40}},"6":{"start":{"line":18,"column":30},"end":{"line":18,"column":40}},"7":{"start":{"line":21,"column":4},"end":{"line":24,"column":5}},"8":{"start":{"line":22,"column":6},"end":{"line":22,"column":57}},"9":{"start":{"line":23,"column":6},"end":{"line":23,"column":46}},"10":{"start":{"line":26,"column":4},"end":{"line":29,"column":6}},"11":{"start":{"line":27,"column":6},"end":{"line":27,"column":60}},"12":{"start":{"line":28,"column":6},"end":{"line":28,"column":45}},"13":{"start":{"line":32,"column":28},"end":{"line":37,"column":3}},"14":{"start":{"line":33,"column":4},"end":{"line":36,"column":7}},"15":{"start":{"line":39,"column":23},"end":{"line":58,"column":3}},"16":{"start":{"line":40,"column":4},"end":{"line":40,"column":23}},"17":{"start":{"line":41,"column":4},"end":{"line":41,"column":26}},"18":{"start":{"line":43,"column":4},"end":{"line":57,"column":5}},"19":{"start":{"line":45,"column":6},"end":{"line":45,"column":62}},"20":{"start":{"line":45,"column":35},"end":{"line":45,"column":60}},"21":{"start":{"line":47,"column":6},"end":{"line":47,"column":33}},"22":{"start":{"line":48,"column":6},"end":{"line":52,"column":15}},"23":{"start":{"line":49,"column":8},"end":{"line":49,"column":18}},"24":{"start":{"line":50,"column":8},"end":{"line":50,"column":30}},"25":{"start":{"line":51,"column":8},"end":{"line":51,"column":93}},"26":{"start":{"line":54,"column":6},"end":{"line":54,"column":31}},"27":{"start":{"line":56,"column":6},"end":{"line":56,"column":29}},"28":{"start":{"line":60,"column":2},"end":{"line":60,"column":27}},"29":{"start":{"line":60,"column":15},"end":{"line":60,"column":27}},"30":{"start":{"line":62,"column":2},"end":{"line":179,"column":4}},"31":{"start":{"line":64,"column":53},"end":{"line":64,"column":72}}},"fnMap":{"0":{"name":"ContactModal","decl":{"start":{"line":3,"column":9},"end":{"line":3,"column":21}},"loc":{"start":{"line":3,"column":53},"end":{"line":180,"column":1}},"line":3},"1":{"name":"(anonymous_1)","decl":{"start":{"line":16,"column":12},"end":{"line":16,"column":13}},"loc":{"start":{"line":16,"column":18},"end":{"line":30,"column":3}},"line":16},"2":{"name":"(anonymous_2)","decl":{"start":{"line":17,"column":25},"end":{"line":17,"column":26}},"loc":{"start":{"line":17,"column":32},"end":{"line":19,"column":5}},"line":17},"3":{"name":"(anonymous_3)","decl":{"start":{"line":26,"column":11},"end":{"line":26,"column":12}},"loc":{"start":{"line":26,"column":17},"end":{"line":29,"column":5}},"line":26},"4":{"name":"(anonymous_4)","decl":{"start":{"line":32,"column":28},"end":{"line":32,"column":29}},"loc":{"start":{"line":32,"column":35},"end":{"line":37,"column":3}},"line":32},"5":{"name":"(anonymous_5)","decl":{"start":{"line":39,"column":23},"end":{"line":39,"column":24}},"loc":{"start":{"line":39,"column":36},"end":{"line":58,"column":3}},"line":39},"6":{"name":"(anonymous_6)","decl":{"start":{"line":45,"column":24},"end":{"line":45,"column":25}},"loc":{"start":{"line":45,"column":35},"end":{"line":45,"column":60}},"line":45},"7":{"name":"(anonymous_7)","decl":{"start":{"line":48,"column":17},"end":{"line":48,"column":18}},"loc":{"start":{"line":48,"column":23},"end":{"line":52,"column":7}},"line":48},"8":{"name":"(anonymous_8)","decl":{"start":{"line":64,"column":46},"end":{"line":64,"column":47}},"loc":{"start":{"line":64,"column":53},"end":{"line":64,"column":72}},"line":64}},"branchMap":{"0":{"loc":{"start":{"line":18,"column":6},"end":{"line":18,"column":40}},"type":"if","locations":[{"start":{"line":18,"column":6},"end":{"line":18,"column":40}},{"start":{},"end":{}}],"line":18},"1":{"loc":{"start":{"line":21,"column":4},"end":{"line":24,"column":5}},"type":"if","locations":[{"start":{"line":21,"column":4},"end":{"line":24,"column":5}},{"start":{},"end":{}}],"line":21},"2":{"loc":{"start":{"line":60,"column":2},"end":{"line":60,"column":27}},"type":"if","locations":[{"start":{"line":60,"column":2},"end":{"line":60,"column":27}},{"start":{},"end":{}}],"line":60},"3":{"loc":{"start":{"line":70,"column":9},"end":{"line":85,"column":9}},"type":"binary-expr","locations":[{"start":{"line":70,"column":9},"end":{"line":70,"column":17}},{"start":{"line":71,"column":10},"end":{"line":84,"column":16}}],"line":70},"4":{"loc":{"start":{"line":141,"column":13},"end":{"line":145,"column":13}},"type":"binary-expr","locations":[{"start":{"line":141,"column":13},"end":{"line":141,"column":39}},{"start":{"line":142,"column":14},"end":{"line":144,"column":20}}],"line":141},"5":{"loc":{"start":{"line":147,"column":13},"end":{"line":151,"column":13}},"type":"binary-expr","locations":[{"start":{"line":147,"column":13},"end":{"line":147,"column":37}},{"start":{"line":148,"column":14},"end":{"line":150,"column":20}}],"line":147},"6":{"loc":{"start":{"line":158,"column":15},"end":{"line":158,"column":59}},"type":"cond-expr","locations":[{"start":{"line":158,"column":30},"end":{"line":158,"column":42}},{"start":{"line":158,"column":45},"end":{"line":158,"column":59}}],"line":158}},"s":{"0":0,"1":0,"2":0,"3":0,"4":0,"5":0,"6":0,"7":0,"8":0,"9":0,"10":0,"11":0,"12":0,"13":0,"14":0,"15":0,"16":0,"17":0,"18":0,"19":0,"20":0,"21":0,"22":0,"23":0,"24":0,"25":0,"26":0,"27":0,"28":0,"29":0,"30":0,"31":0},"f":{"0":0,"1":0,"2":0,"3":0,"4":0,"5":0,"6":0,"7":0,"8":0},"b":{"0":[0,0],"1":[0,0],"2":[0,0],"3":[0,0],"4":[0,0],"5":[0,0],"6":[0,0]}}
,"C:\\Users\\agarcia12345678\\Documents\\Personal\\realstate-app\\frontend\\src\\components\\DarkModeToggle.js": {"path":"C:\\Users\\agarcia12345678\\Documents\\Personal\\realstate-app\\frontend\\src\\components\\DarkModeToggle.js","statementMap":{"0":{"start":{"line":4,"column":2},"end":{"line":17,"column":4}}},"fnMap":{"0":{"name":"DarkModeToggle","decl":{"start":{"line":3,"column":9},"end":{"line":3,"column":23}},"loc":{"start":{"line":3,"column":56},"end":{"line":18,"column":1}},"line":3}},"branchMap":{"0":{"loc":{"start":{"line":8,"column":18},"end":{"line":8,"column":79}},"type":"cond-expr","locations":[{"start":{"line":8,"column":31},"end":{"line":8,"column":53}},{"start":{"line":8,"column":56},"end":{"line":8,"column":79}}],"line":8},"1":{"loc":{"start":{"line":11,"column":9},"end":{"line":11,"column":33}},"type":"cond-expr","locations":[{"start":{"line":11,"column":22},"end":{"line":11,"column":26}},{"start":{"line":11,"column":29},"end":{"line":11,"column":33}}],"line":11},"2":{"loc":{"start":{"line":14,"column":9},"end":{"line":14,"column":40}},"type":"cond-expr","locations":[{"start":{"line":14,"column":22},"end":{"line":14,"column":29}},{"start":{"line":14,"column":32},"end":{"line":14,"column":40}}],"line":14}},"s":{"0":0},"f":{"0":0},"b":{"0":[0,0],"1":[0,0],"2":[0,0]}}
,"C:\\Users\\agarcia12345678\\Documents\\Personal\\realstate-app\\frontend\\src\\components\\Footer.js": {"path":"C:\\Users\\agarcia12345678\\Documents\\Personal\\realstate-app\\frontend\\src\\components\\Footer.js","statementMap":{"0":{"start":{"line":7,"column":2},"end":{"line":56,"column":4}}},"fnMap":{"0":{"name":"Footer","decl":{"start":{"line":5,"column":9},"end":{"line":5,"column":15}},"loc":{"start":{"line":5,"column":18},"end":{"line":57,"column":1}},"line":5}},"branchMap":{},"s":{"0":0},"f":{"0":0},"b":{}}
,"C:\\Users\\agarcia12345678\\Documents\\Personal\\realstate-app\\frontend\\src\\components\\Header.js": {"path":"C:\\Users\\agarcia12345678\\Documents\\Personal\\realstate-app\\frontend\\src\\components\\Header.js","statementMap":{"0":{"start":{"line":10,"column":23},"end":{"line":10,"column":50}},"1":{"start":{"line":11,"column":53},"end":{"line":11,"column":62}},"2":{"start":{"line":12,"column":44},"end":{"line":12,"column":59}},"3":{"start":{"line":13,"column":42},"end":{"line":13,"column":59}},"4":{"start":{"line":15,"column":19},"end":{"line":32,"column":3}},"5":{"start":{"line":34,"column":12},"end":{"line":34,"column":30}},"6":{"start":{"line":36,"column":25},"end":{"line":39,"column":3}},"7":{"start":{"line":37,"column":4},"end":{"line":37,"column":29}},"8":{"start":{"line":38,"column":4},"end":{"line":38,"column":27}},"9":{"start":{"line":41,"column":28},"end":{"line":44,"column":3}},"10":{"start":{"line":42,"column":4},"end":{"line":42,"column":32}},"11":{"start":{"line":43,"column":4},"end":{"line":43,"column":27}},"12":{"start":{"line":46,"column":2},"end":{"line":90,"column":4}},"13":{"start":{"line":86,"column":23},"end":{"line":86,"column":46}}},"fnMap":{"0":{"name":"Header","decl":{"start":{"line":9,"column":9},"end":{"line":9,"column":15}},"loc":{"start":{"line":9,"column":18},"end":{"line":91,"column":1}},"line":9},"1":{"name":"(anonymous_1)","decl":{"start":{"line":36,"column":25},"end":{"line":36,"column":26}},"loc":{"start":{"line":36,"column":31},"end":{"line":39,"column":3}},"line":36},"2":{"name":"(anonymous_2)","decl":{"start":{"line":41,"column":28},"end":{"line":41,"column":29}},"loc":{"start":{"line":41,"column":34},"end":{"line":44,"column":3}},"line":41},"3":{"name":"(anonymous_3)","decl":{"start":{"line":86,"column":17},"end":{"line":86,"column":18}},"loc":{"start":{"line":86,"column":23},"end":{"line":86,"column":46}},"line":86}},"branchMap":{"0":{"loc":{"start":{"line":61,"column":15},"end":{"line":63,"column":15}},"type":"binary-expr","locations":[{"start":{"line":61,"column":15},"end":{"line":61,"column":22}},{"start":{"line":62,"column":16},"end":{"line":62,"column":83}}],"line":61},"1":{"loc":{"start":{"line":65,"column":15},"end":{"line":75,"column":15}},"type":"cond-expr","locations":[{"start":{"line":66,"column":16},"end":{"line":69,"column":19}},{"start":{"line":71,"column":16},"end":{"line":74,"column":19}}],"line":65},"2":{"loc":{"start":{"line":67,"column":55},"end":{"line":67,"column":90}},"type":"binary-expr","locations":[{"start":{"line":67,"column":55},"end":{"line":67,"column":65}},{"start":{"line":67,"column":69},"end":{"line":67,"column":80}},{"start":{"line":67,"column":84},"end":{"line":67,"column":90}}],"line":67}},"s":{"0":0,"1":0,"2":0,"3":0,"4":0,"5":0,"6":0,"7":0,"8":0,"9":0,"10":0,"11":0,"12":0,"13":0},"f":{"0":0,"1":0,"2":0,"3":0},"b":{"0":[0,0],"1":[0,0],"2":[0,0,0]}}
,"C:\\Users\\agarcia12345678\\Documents\\Personal\\realstate-app\\frontend\\src\\components\\Hero.js": {"path":"C:\\Users\\agarcia12345678\\Documents\\Personal\\realstate-app\\frontend\\src\\components\\Hero.js","statementMap":{"0":{"start":{"line":4,"column":13},"end":{"line":31,"column":1}},"1":{"start":{"line":5,"column":2},"end":{"line":30,"column":4}}},"fnMap":{"0":{"name":"(anonymous_0)","decl":{"start":{"line":4,"column":13},"end":{"line":4,"column":14}},"loc":{"start":{"line":4,"column":19},"end":{"line":31,"column":1}},"line":4}},"branchMap":{},"s":{"0":0,"1":0},"f":{"0":0},"b":{}}
,"C:\\Users\\agarcia12345678\\Documents\\Personal\\realstate-app\\frontend\\src\\components\\HottestPropertiesCarousel.js": {"path":"C:\\Users\\agarcia12345678\\Documents\\Personal\\realstate-app\\frontend\\src\\components\\HottestPropertiesCarousel.js","statementMap":{"0":{"start":{"line":12,"column":34},"end":{"line":61,"column":1}},"1":{"start":{"line":13,"column":2},"end":{"line":15,"column":3}},"2":{"start":{"line":14,"column":4},"end":{"line":14,"column":16}},"3":{"start":{"line":18,"column":28},"end":{"line":18,"column":51}},"4":{"start":{"line":20,"column":2},"end":{"line":60,"column":4}},"5":{"start":{"line":50,"column":10},"end":{"line":56,"column":24}}},"fnMap":{"0":{"name":"(anonymous_0)","decl":{"start":{"line":12,"column":34},"end":{"line":12,"column":35}},"loc":{"start":{"line":12,"column":74},"end":{"line":61,"column":1}},"line":12},"1":{"name":"(anonymous_1)","decl":{"start":{"line":49,"column":31},"end":{"line":49,"column":32}},"loc":{"start":{"line":50,"column":10},"end":{"line":56,"column":24}},"line":50}},"branchMap":{"0":{"loc":{"start":{"line":13,"column":2},"end":{"line":15,"column":3}},"type":"if","locations":[{"start":{"line":13,"column":2},"end":{"line":15,"column":3}},{"start":{},"end":{}}],"line":13},"1":{"loc":{"start":{"line":13,"column":6},"end":{"line":13,"column":44}},"type":"binary-expr","locations":[{"start":{"line":13,"column":6},"end":{"line":13,"column":17}},{"start":{"line":13,"column":21},"end":{"line":13,"column":44}}],"line":13}},"s":{"0":0,"1":0,"2":0,"3":0,"4":0,"5":0},"f":{"0":0,"1":0},"b":{"0":[0,0],"1":[0,0]}}
,"C:\\Users\\agarcia12345678\\Documents\\Personal\\realstate-app\\frontend\\src\\components\\LanguageToggle.js": {"path":"C:\\Users\\agarcia12345678\\Documents\\Personal\\realstate-app\\frontend\\src\\components\\LanguageToggle.js","statementMap":{"0":{"start":{"line":7,"column":39},"end":{"line":7,"column":66}},"1":{"start":{"line":9,"column":2},"end":{"line":13,"column":4}}},"fnMap":{"0":{"name":"LanguageToggle","decl":{"start":{"line":6,"column":9},"end":{"line":6,"column":23}},"loc":{"start":{"line":6,"column":26},"end":{"line":14,"column":1}},"line":6}},"branchMap":{"0":{"loc":{"start":{"line":11,"column":7},"end":{"line":11,"column":38}},"type":"cond-expr","locations":[{"start":{"line":11,"column":27},"end":{"line":11,"column":31}},{"start":{"line":11,"column":34},"end":{"line":11,"column":38}}],"line":11}},"s":{"0":0,"1":0},"f":{"0":0},"b":{"0":[0,0]}}
,"C:\\Users\\agarcia12345678\\Documents\\Personal\\realstate-app\\frontend\\src\\components\\LikeButton.js": {"path":"C:\\Users\\agarcia12345678\\Documents\\Personal\\realstate-app\\frontend\\src\\components\\LikeButton.js","statementMap":{"0":{"start":{"line":5,"column":19},"end":{"line":38,"column":1}},"1":{"start":{"line":6,"column":52},"end":{"line":6,"column":62}},"2":{"start":{"line":8,"column":16},"end":{"line":8,"column":36}},"3":{"start":{"line":10,"column":26},"end":{"line":19,"column":3}},"4":{"start":{"line":11,"column":4},"end":{"line":11,"column":23}},"5":{"start":{"line":12,"column":4},"end":{"line":12,"column":24}},"6":{"start":{"line":14,"column":4},"end":{"line":18,"column":5}},"7":{"start":{"line":15,"column":6},"end":{"line":15,"column":34}},"8":{"start":{"line":17,"column":6},"end":{"line":17,"column":29}},"9":{"start":{"line":21,"column":2},"end":{"line":37,"column":4}}},"fnMap":{"0":{"name":"(anonymous_0)","decl":{"start":{"line":5,"column":19},"end":{"line":5,"column":20}},"loc":{"start":{"line":5,"column":37},"end":{"line":38,"column":1}},"line":5},"1":{"name":"(anonymous_1)","decl":{"start":{"line":10,"column":26},"end":{"line":10,"column":27}},"loc":{"start":{"line":10,"column":33},"end":{"line":19,"column":3}},"line":10}},"branchMap":{"0":{"loc":{"start":{"line":14,"column":4},"end":{"line":18,"column":5}},"type":"if","locations":[{"start":{"line":14,"column":4},"end":{"line":18,"column":5}},{"start":{"line":16,"column":11},"end":{"line":18,"column":5}}],"line":14},"1":{"loc":{"start":{"line":23,"column":32},"end":{"line":23,"column":52}},"type":"cond-expr","locations":[{"start":{"line":23,"column":40},"end":{"line":23,"column":47}},{"start":{"line":23,"column":50},"end":{"line":23,"column":52}}],"line":23},"2":{"loc":{"start":{"line":25,"column":18},"end":{"line":25,"column":71}},"type":"cond-expr","locations":[{"start":{"line":25,"column":26},"end":{"line":25,"column":48}},{"start":{"line":25,"column":51},"end":{"line":25,"column":71}}],"line":25},"3":{"loc":{"start":{"line":30,"column":14},"end":{"line":30,"column":45}},"type":"cond-expr","locations":[{"start":{"line":30,"column":22},"end":{"line":30,"column":36}},{"start":{"line":30,"column":39},"end":{"line":30,"column":45}}],"line":30}},"s":{"0":0,"1":0,"2":0,"3":0,"4":0,"5":0,"6":0,"7":0,"8":0,"9":0},"f":{"0":0,"1":0},"b":{"0":[0,0],"1":[0,0],"2":[0,0],"3":[0,0]}}
,"C:\\Users\\agarcia12345678\\Documents\\Personal\\realstate-app\\frontend\\src\\components\\LuxurySearchBar.jsx": {"path":"C:\\Users\\agarcia12345678\\Documents\\Personal\\realstate-app\\frontend\\src\\components\\LuxurySearchBar.jsx","statementMap":{"0":{"start":{"line":7,"column":24},"end":{"line":151,"column":1}},"1":{"start":{"line":8,"column":36},"end":{"line":8,"column":51}},"2":{"start":{"line":9,"column":23},"end":{"line":9,"column":35}},"3":{"start":{"line":10,"column":23},"end":{"line":10,"column":56}},"4":{"start":{"line":13,"column":40},"end":{"line":13,"column":52}},"5":{"start":{"line":14,"column":34},"end":{"line":14,"column":46}},"6":{"start":{"line":15,"column":32},"end":{"line":15,"column":44}},"7":{"start":{"line":16,"column":34},"end":{"line":16,"column":46}},"8":{"start":{"line":17,"column":30},"end":{"line":17,"column":41}},"9":{"start":{"line":18,"column":48},"end":{"line":18,"column":63}},"10":{"start":{"line":19,"column":20},"end":{"line":19,"column":32}},"11":{"start":{"line":21,"column":29},"end":{"line":24,"column":3}},"12":{"start":{"line":22,"column":4},"end":{"line":22,"column":23}},"13":{"start":{"line":26,"column":32},"end":{"line":28,"column":3}},"14":{"start":{"line":30,"column":27},"end":{"line":32,"column":3}},"15":{"start":{"line":31,"column":4},"end":{"line":31,"column":29}},"16":{"start":{"line":34,"column":2},"end":{"line":42,"column":9}},"17":{"start":{"line":35,"column":31},"end":{"line":39,"column":5}},"18":{"start":{"line":36,"column":6},"end":{"line":38,"column":7}},"19":{"start":{"line":37,"column":8},"end":{"line":37,"column":34}},"20":{"start":{"line":40,"column":4},"end":{"line":40,"column":63}},"21":{"start":{"line":41,"column":4},"end":{"line":41,"column":79}},"22":{"start":{"line":41,"column":17},"end":{"line":41,"column":78}},"23":{"start":{"line":44,"column":12},"end":{"line":47,"column":13}},"24":{"start":{"line":49,"column":21},"end":{"line":49,"column":68}},"25":{"start":{"line":51,"column":2},"end":{"line":150,"column":4}},"26":{"start":{"line":54,"column":26},"end":{"line":54,"column":44}},"27":{"start":{"line":55,"column":26},"end":{"line":55,"column":45}},"28":{"start":{"line":77,"column":33},"end":{"line":77,"column":63}},"29":{"start":{"line":93,"column":33},"end":{"line":93,"column":59}},"30":{"start":{"line":107,"column":33},"end":{"line":107,"column":60}},"31":{"start":{"line":120,"column":33},"end":{"line":120,"column":68}},"32":{"start":{"line":124,"column":18},"end":{"line":126,"column":27}}},"fnMap":{"0":{"name":"(anonymous_0)","decl":{"start":{"line":7,"column":24},"end":{"line":7,"column":25}},"loc":{"start":{"line":7,"column":58},"end":{"line":151,"column":1}},"line":7},"1":{"name":"(anonymous_1)","decl":{"start":{"line":21,"column":29},"end":{"line":21,"column":30}},"loc":{"start":{"line":21,"column":36},"end":{"line":24,"column":3}},"line":21},"2":{"name":"(anonymous_2)","decl":{"start":{"line":26,"column":32},"end":{"line":26,"column":33}},"loc":{"start":{"line":26,"column":48},"end":{"line":28,"column":3}},"line":26},"3":{"name":"(anonymous_3)","decl":{"start":{"line":30,"column":27},"end":{"line":30,"column":28}},"loc":{"start":{"line":30,"column":33},"end":{"line":32,"column":3}},"line":30},"4":{"name":"(anonymous_4)","decl":{"start":{"line":34,"column":12},"end":{"line":34,"column":13}},"loc":{"start":{"line":34,"column":18},"end":{"line":42,"column":3}},"line":34},"5":{"name":"(anonymous_5)","decl":{"start":{"line":35,"column":31},"end":{"line":35,"column":32}},"loc":{"start":{"line":35,"column":42},"end":{"line":39,"column":5}},"line":35},"6":{"name":"(anonymous_6)","decl":{"start":{"line":41,"column":11},"end":{"line":41,"column":12}},"loc":{"start":{"line":41,"column":17},"end":{"line":41,"column":78}},"line":41},"7":{"name":"(anonymous_7)","decl":{"start":{"line":54,"column":20},"end":{"line":54,"column":21}},"loc":{"start":{"line":54,"column":26},"end":{"line":54,"column":44}},"line":54},"8":{"name":"(anonymous_8)","decl":{"start":{"line":55,"column":20},"end":{"line":55,"column":21}},"loc":{"start":{"line":55,"column":26},"end":{"line":55,"column":45}},"line":55},"9":{"name":"(anonymous_9)","decl":{"start":{"line":77,"column":26},"end":{"line":77,"column":27}},"loc":{"start":{"line":77,"column":33},"end":{"line":77,"column":63}},"line":77},"10":{"name":"(anonymous_10)","decl":{"start":{"line":93,"column":26},"end":{"line":93,"column":27}},"loc":{"start":{"line":93,"column":33},"end":{"line":93,"column":59}},"line":93},"11":{"name":"(anonymous_11)","decl":{"start":{"line":107,"column":26},"end":{"line":107,"column":27}},"loc":{"start":{"line":107,"column":33},"end":{"line":107,"column":60}},"line":107},"12":{"name":"(anonymous_12)","decl":{"start":{"line":120,"column":26},"end":{"line":120,"column":27}},"loc":{"start":{"line":120,"column":33},"end":{"line":120,"column":68}},"line":120},"13":{"name":"(anonymous_13)","decl":{"start":{"line":123,"column":46},"end":{"line":123,"column":47}},"loc":{"start":{"line":124,"column":18},"end":{"line":126,"column":27}},"line":124}},"branchMap":{"0":{"loc":{"start":{"line":7,"column":37},"end":{"line":7,"column":51}},"type":"default-arg","locations":[{"start":{"line":7,"column":49},"end":{"line":7,"column":51}}],"line":7},"1":{"loc":{"start":{"line":36,"column":6},"end":{"line":38,"column":7}},"type":"if","locations":[{"start":{"line":36,"column":6},"end":{"line":38,"column":7}},{"start":{},"end":{}}],"line":36},"2":{"loc":{"start":{"line":36,"column":10},"end":{"line":36,"column":72}},"type":"binary-expr","locations":[{"start":{"line":36,"column":10},"end":{"line":36,"column":27}},{"start":{"line":36,"column":31},"end":{"line":36,"column":72}}],"line":36},"3":{"loc":{"start":{"line":61,"column":17},"end":{"line":61,"column":39}},"type":"cond-expr","locations":[{"start":{"line":61,"column":29},"end":{"line":61,"column":33}},{"start":{"line":61,"column":36},"end":{"line":61,"column":39}}],"line":61},"4":{"loc":{"start":{"line":62,"column":21},"end":{"line":64,"column":47}},"type":"cond-expr","locations":[{"start":{"line":63,"column":14},"end":{"line":63,"column":108}},{"start":{"line":64,"column":14},"end":{"line":64,"column":47}}],"line":62},"5":{"loc":{"start":{"line":125,"column":27},"end":{"line":125,"column":112}},"type":"cond-expr","locations":[{"start":{"line":125,"column":47},"end":{"line":125,"column":79}},{"start":{"line":125,"column":82},"end":{"line":125,"column":112}}],"line":125},"6":{"loc":{"start":{"line":125,"column":60},"end":{"line":125,"column":78}},"type":"cond-expr","locations":[{"start":{"line":125,"column":70},"end":{"line":125,"column":73}},{"start":{"line":125,"column":76},"end":{"line":125,"column":78}}],"line":125},"7":{"loc":{"start":{"line":125,"column":93},"end":{"line":125,"column":111}},"type":"cond-expr","locations":[{"start":{"line":125,"column":103},"end":{"line":125,"column":106}},{"start":{"line":125,"column":109},"end":{"line":125,"column":111}}],"line":125}},"s":{"0":0,"1":0,"2":0,"3":0,"4":0,"5":0,"6":0,"7":0,"8":0,"9":0,"10":0,"11":0,"12":0,"13":0,"14":0,"15":0,"16":0,"17":0,"18":0,"19":0,"20":0,"21":0,"22":0,"23":0,"24":0,"25":0,"26":0,"27":0,"28":0,"29":0,"30":0,"31":0,"32":0},"f":{"0":0,"1":0,"2":0,"3":0,"4":0,"5":0,"6":0,"7":0,"8":0,"9":0,"10":0,"11":0,"12":0,"13":0},"b":{"0":[0],"1":[0,0],"2":[0,0],"3":[0,0],"4":[0,0],"5":[0,0],"6":[0,0],"7":[0,0]}}
,"C:\\Users\\agarcia12345678\\Documents\\Personal\\realstate-app\\frontend\\src\\components\\PropertyCard.js": {"path":"C:\\Users\\agarcia12345678\\Documents\\Personal\\realstate-app\\frontend\\src\\components\\PropertyCard.js","statementMap":{"0":{"start":{"line":6,"column":32},"end":{"line":6,"column":47}},"1":{"start":{"line":7,"column":23},"end":{"line":7,"column":50}},"2":{"start":{"line":10,"column":26},"end":{"line":10,"column":30}},"3":{"start":{"line":12,"column":22},"end":{"line":18,"column":3}},"4":{"start":{"line":13,"column":4},"end":{"line":17,"column":21}},"5":{"start":{"line":20,"column":26},"end":{"line":43,"column":3}},"6":{"start":{"line":23,"column":4},"end":{"line":27,"column":5}},"7":{"start":{"line":24,"column":6},"end":{"line":24,"column":75}},"8":{"start":{"line":26,"column":6},"end":{"line":26,"column":43}},"9":{"start":{"line":29,"column":18},"end":{"line":29,"column":20}},"10":{"start":{"line":31,"column":4},"end":{"line":36,"column":5}},"11":{"start":{"line":32,"column":6},"end":{"line":32,"column":51}},"12":{"start":{"line":34,"column":23},"end":{"line":34,"column":46}},"13":{"start":{"line":35,"column":6},"end":{"line":35,"column":54}},"14":{"start":{"line":38,"column":4},"end":{"line":42,"column":5}},"15":{"start":{"line":39,"column":6},"end":{"line":39,"column":73}},"16":{"start":{"line":41,"column":6},"end":{"line":41,"column":21}},"17":{"start":{"line":45,"column":21},"end":{"line":48,"column":3}},"18":{"start":{"line":46,"column":4},"end":{"line":46,"column":23}},"19":{"start":{"line":47,"column":4},"end":{"line":47,"column":25}},"20":{"start":{"line":51,"column":25},"end":{"line":57,"column":3}},"21":{"start":{"line":52,"column":4},"end":{"line":56,"column":5}},"22":{"start":{"line":53,"column":6},"end":{"line":53,"column":65}},"23":{"start":{"line":55,"column":6},"end":{"line":55,"column":65}},"24":{"start":{"line":59,"column":26},"end":{"line":73,"column":3}},"25":{"start":{"line":60,"column":4},"end":{"line":72,"column":5}},"26":{"start":{"line":61,"column":6},"end":{"line":65,"column":8}},"27":{"start":{"line":67,"column":6},"end":{"line":71,"column":8}},"28":{"start":{"line":75,"column":2},"end":{"line":133,"column":4}},"29":{"start":{"line":112,"column":12},"end":{"line":112,"column":70}}},"fnMap":{"0":{"name":"PropertyCard","decl":{"start":{"line":5,"column":9},"end":{"line":5,"column":21}},"loc":{"start":{"line":5,"column":36},"end":{"line":134,"column":1}},"line":5},"1":{"name":"(anonymous_1)","decl":{"start":{"line":12,"column":22},"end":{"line":12,"column":23}},"loc":{"start":{"line":12,"column":55},"end":{"line":18,"column":3}},"line":12},"2":{"name":"(anonymous_2)","decl":{"start":{"line":20,"column":26},"end":{"line":20,"column":27}},"loc":{"start":{"line":20,"column":32},"end":{"line":43,"column":3}},"line":20},"3":{"name":"(anonymous_3)","decl":{"start":{"line":45,"column":21},"end":{"line":45,"column":22}},"loc":{"start":{"line":45,"column":28},"end":{"line":48,"column":3}},"line":45},"4":{"name":"(anonymous_4)","decl":{"start":{"line":51,"column":25},"end":{"line":51,"column":26}},"loc":{"start":{"line":51,"column":31},"end":{"line":57,"column":3}},"line":51},"5":{"name":"(anonymous_5)","decl":{"start":{"line":59,"column":26},"end":{"line":59,"column":27}},"loc":{"start":{"line":59,"column":32},"end":{"line":73,"column":3}},"line":59},"6":{"name":"(anonymous_6)","decl":{"start":{"line":111,"column":45},"end":{"line":111,"column":46}},"loc":{"start":{"line":112,"column":12},"end":{"line":112,"column":70}},"line":112}},"branchMap":{"0":{"loc":{"start":{"line":23,"column":4},"end":{"line":27,"column":5}},"type":"if","locations":[{"start":{"line":23,"column":4},"end":{"line":27,"column":5}},{"start":{"line":25,"column":11},"end":{"line":27,"column":5}}],"line":23},"1":{"loc":{"start":{"line":24,"column":14},"end":{"line":24,"column":74}},"type":"binary-expr","locations":[{"start":{"line":24,"column":14},"end":{"line":24,"column":36}},{"start":{"line":24,"column":40},"end":{"line":24,"column":64}},{"start":{"line":24,"column":68},"end":{"line":24,"column":74}}],"line":24},"2":{"loc":{"start":{"line":26,"column":14},"end":{"line":26,"column":42}},"type":"binary-expr","locations":[{"start":{"line":26,"column":14},"end":{"line":26,"column":28}},{"start":{"line":26,"column":32},"end":{"line":26,"column":42}}],"line":26},"3":{"loc":{"start":{"line":31,"column":4},"end":{"line":36,"column":5}},"type":"if","locations":[{"start":{"line":31,"column":4},"end":{"line":36,"column":5}},{"start":{"line":33,"column":11},"end":{"line":36,"column":5}}],"line":31},"4":{"loc":{"start":{"line":38,"column":4},"end":{"line":42,"column":5}},"type":"if","locations":[{"start":{"line":38,"column":4},"end":{"line":42,"column":5}},{"start":{"line":40,"column":11},"end":{"line":42,"column":5}}],"line":38},"5":{"loc":{"start":{"line":39,"column":13},"end":{"line":39,"column":72}},"type":"cond-expr","locations":[{"start":{"line":39,"column":33},"end":{"line":39,"column":51}},{"start":{"line":39,"column":54},"end":{"line":39,"column":72}}],"line":39},"6":{"loc":{"start":{"line":52,"column":4},"end":{"line":56,"column":5}},"type":"if","locations":[{"start":{"line":52,"column":4},"end":{"line":56,"column":5}},{"start":{"line":54,"column":11},"end":{"line":56,"column":5}}],"line":52},"7":{"loc":{"start":{"line":60,"column":4},"end":{"line":72,"column":5}},"type":"if","locations":[{"start":{"line":60,"column":4},"end":{"line":72,"column":5}},{"start":{"line":66,"column":11},"end":{"line":72,"column":5}}],"line":60},"8":{"loc":{"start":{"line":85,"column":37},"end":{"line":85,"column":59}},"type":"cond-expr","locations":[{"start":{"line":85,"column":47},"end":{"line":85,"column":54}},{"start":{"line":85,"column":57},"end":{"line":85,"column":59}}],"line":85},"9":{"loc":{"start":{"line":89,"column":11},"end":{"line":89,"column":32}},"type":"cond-expr","locations":[{"start":{"line":89,"column":21},"end":{"line":89,"column":25}},{"start":{"line":89,"column":28},"end":{"line":89,"column":32}}],"line":89},"10":{"loc":{"start":{"line":105,"column":11},"end":{"line":107,"column":11}},"type":"binary-expr","locations":[{"start":{"line":105,"column":11},"end":{"line":105,"column":37}},{"start":{"line":106,"column":12},"end":{"line":106,"column":77}}],"line":105},"11":{"loc":{"start":{"line":106,"column":39},"end":{"line":106,"column":62}},"type":"binary-expr","locations":[{"start":{"line":106,"column":39},"end":{"line":106,"column":57}},{"start":{"line":106,"column":61},"end":{"line":106,"column":62}}],"line":106}},"s":{"0":0,"1":0,"2":0,"3":0,"4":0,"5":0,"6":0,"7":0,"8":0,"9":0,"10":0,"11":0,"12":0,"13":0,"14":0,"15":0,"16":0,"17":0,"18":0,"19":0,"20":0,"21":0,"22":0,"23":0,"24":0,"25":0,"26":0,"27":0,"28":0,"29":0},"f":{"0":0,"1":0,"2":0,"3":0,"4":0,"5":0,"6":0},"b":{"0":[0,0],"1":[0,0,0],"2":[0,0],"3":[0,0],"4":[0,0],"5":[0,0],"6":[0,0],"7":[0,0],"8":[0,0],"9":[0,0],"10":[0,0],"11":[0,0]}}
,"C:\\Users\\agarcia12345678\\Documents\\Personal\\realstate-app\\frontend\\src\\components\\PropertyDetail.js": {"path":"C:\\Users\\agarcia12345678\\Documents\\Personal\\realstate-app\\frontend\\src\\components\\PropertyDetail.js","statementMap":{"0":{"start":{"line":7,"column":17},"end":{"line":7,"column":28}},"1":{"start":{"line":8,"column":34},"end":{"line":8,"column":48}},"2":{"start":{"line":9,"column":32},"end":{"line":9,"column":46}},"3":{"start":{"line":11,"column":2},"end":{"line":13,"column":11}},"4":{"start":{"line":12,"column":4},"end":{"line":12,"column":20}},"5":{"start":{"line":15,"column":24},"end":{"line":94,"column":3}},"6":{"start":{"line":16,"column":4},"end":{"line":93,"column":5}},"7":{"start":{"line":17,"column":23},"end":{"line":17,"column":55}},"8":{"start":{"line":18,"column":19},"end":{"line":18,"column":40}},"9":{"start":{"line":19,"column":6},"end":{"line":19,"column":24}},"10":{"start":{"line":20,"column":6},"end":{"line":20,"column":24}},"11":{"start":{"line":23,"column":29},"end":{"line":88,"column":7}},"12":{"start":{"line":90,"column":28},"end":{"line":90,"column":75}},"13":{"start":{"line":90,"column":53},"end":{"line":90,"column":74}},"14":{"start":{"line":91,"column":6},"end":{"line":91,"column":33}},"15":{"start":{"line":92,"column":6},"end":{"line":92,"column":24}},"16":{"start":{"line":96,"column":22},"end":{"line":102,"column":3}},"17":{"start":{"line":97,"column":4},"end":{"line":101,"column":21}},"18":{"start":{"line":104,"column":28},"end":{"line":107,"column":3}},"19":{"start":{"line":105,"column":4},"end":{"line":105,"column":46}},"20":{"start":{"line":109,"column":30},"end":{"line":112,"column":3}},"21":{"start":{"line":110,"column":4},"end":{"line":110,"column":48}},"22":{"start":{"line":114,"column":26},"end":{"line":120,"column":3}},"23":{"start":{"line":115,"column":4},"end":{"line":119,"column":5}},"24":{"start":{"line":116,"column":6},"end":{"line":116,"column":60}},"25":{"start":{"line":118,"column":6},"end":{"line":118,"column":41}},"26":{"start":{"line":122,"column":2},"end":{"line":122,"column":81}},"27":{"start":{"line":122,"column":15},"end":{"line":122,"column":81}},"28":{"start":{"line":123,"column":2},"end":{"line":123,"column":72}},"29":{"start":{"line":123,"column":17},"end":{"line":123,"column":72}},"30":{"start":{"line":125,"column":2},"end":{"line":239,"column":4}},"31":{"start":{"line":191,"column":18},"end":{"line":193,"column":24}}},"fnMap":{"0":{"name":"PropertyDetail","decl":{"start":{"line":6,"column":9},"end":{"line":6,"column":23}},"loc":{"start":{"line":6,"column":26},"end":{"line":240,"column":1}},"line":6},"1":{"name":"(anonymous_1)","decl":{"start":{"line":11,"column":12},"end":{"line":11,"column":13}},"loc":{"start":{"line":11,"column":18},"end":{"line":13,"column":3}},"line":11},"2":{"name":"(anonymous_2)","decl":{"start":{"line":15,"column":24},"end":{"line":15,"column":25}},"loc":{"start":{"line":15,"column":36},"end":{"line":94,"column":3}},"line":15},"3":{"name":"(anonymous_3)","decl":{"start":{"line":90,"column":48},"end":{"line":90,"column":49}},"loc":{"start":{"line":90,"column":53},"end":{"line":90,"column":74}},"line":90},"4":{"name":"(anonymous_4)","decl":{"start":{"line":96,"column":22},"end":{"line":96,"column":23}},"loc":{"start":{"line":96,"column":33},"end":{"line":102,"column":3}},"line":96},"5":{"name":"(anonymous_5)","decl":{"start":{"line":104,"column":28},"end":{"line":104,"column":29}},"loc":{"start":{"line":104,"column":45},"end":{"line":107,"column":3}},"line":104},"6":{"name":"(anonymous_6)","decl":{"start":{"line":109,"column":30},"end":{"line":109,"column":31}},"loc":{"start":{"line":109,"column":47},"end":{"line":112,"column":3}},"line":109},"7":{"name":"(anonymous_7)","decl":{"start":{"line":114,"column":26},"end":{"line":114,"column":27}},"loc":{"start":{"line":114,"column":32},"end":{"line":120,"column":3}},"line":114},"8":{"name":"(anonymous_8)","decl":{"start":{"line":190,"column":39},"end":{"line":190,"column":40}},"loc":{"start":{"line":191,"column":18},"end":{"line":193,"column":24}},"line":191}},"branchMap":{"0":{"loc":{"start":{"line":115,"column":4},"end":{"line":119,"column":5}},"type":"if","locations":[{"start":{"line":115,"column":4},"end":{"line":119,"column":5}},{"start":{"line":117,"column":11},"end":{"line":119,"column":5}}],"line":115},"1":{"loc":{"start":{"line":122,"column":2},"end":{"line":122,"column":81}},"type":"if","locations":[{"start":{"line":122,"column":2},"end":{"line":122,"column":81}},{"start":{},"end":{}}],"line":122},"2":{"loc":{"start":{"line":123,"column":2},"end":{"line":123,"column":72}},"type":"if","locations":[{"start":{"line":123,"column":2},"end":{"line":123,"column":72}},{"start":{},"end":{}}],"line":123},"3":{"loc":{"start":{"line":141,"column":15},"end":{"line":141,"column":67}},"type":"cond-expr","locations":[{"start":{"line":141,"column":44},"end":{"line":141,"column":54}},{"start":{"line":141,"column":57},"end":{"line":141,"column":67}}],"line":141},"4":{"loc":{"start":{"line":149,"column":15},"end":{"line":154,"column":15}},"type":"binary-expr","locations":[{"start":{"line":149,"column":15},"end":{"line":149,"column":32}},{"start":{"line":150,"column":16},"end":{"line":153,"column":22}}],"line":149},"5":{"loc":{"start":{"line":173,"column":15},"end":{"line":179,"column":15}},"type":"binary-expr","locations":[{"start":{"line":173,"column":15},"end":{"line":173,"column":41}},{"start":{"line":174,"column":16},"end":{"line":178,"column":22}}],"line":173},"6":{"loc":{"start":{"line":200,"column":15},"end":{"line":210,"column":15}},"type":"cond-expr","locations":[{"start":{"line":201,"column":16},"end":{"line":204,"column":18}},{"start":{"line":206,"column":16},"end":{"line":209,"column":18}}],"line":200},"7":{"loc":{"start":{"line":220,"column":24},"end":{"line":220,"column":102}},"type":"cond-expr","locations":[{"start":{"line":220,"column":53},"end":{"line":220,"column":71}},{"start":{"line":220,"column":74},"end":{"line":220,"column":102}}],"line":220}},"s":{"0":0,"1":0,"2":0,"3":0,"4":0,"5":0,"6":0,"7":0,"8":0,"9":0,"10":0,"11":0,"12":0,"13":0,"14":0,"15":0,"16":0,"17":0,"18":0,"19":0,"20":0,"21":0,"22":0,"23":0,"24":0,"25":0,"26":0,"27":0,"28":0,"29":0,"30":0,"31":0},"f":{"0":0,"1":0,"2":0,"3":0,"4":0,"5":0,"6":0,"7":0,"8":0},"b":{"0":[0,0],"1":[0,0],"2":[0,0],"3":[0,0],"4":[0,0],"5":[0,0],"6":[0,0],"7":[0,0]}}
,"C:\\Users\\agarcia12345678\\Documents\\Personal\\realstate-app\\frontend\\src\\components\\PropertyForm.js": {"path":"C:\\Users\\agarcia12345678\\Documents\\Personal\\realstate-app\\frontend\\src\\components\\PropertyForm.js","statementMap":{"0":{"start":{"line":5,"column":21},"end":{"line":231,"column":1}},"1":{"start":{"line":6,"column":20},"end":{"line":6,"column":29}},"2":{"start":{"line":7,"column":19},"end":{"line":7,"column":32}},"3":{"start":{"line":8,"column":17},"end":{"line":8,"column":28}},"4":{"start":{"line":9,"column":20},"end":{"line":9,"column":24}},"5":{"start":{"line":11,"column":34},"end":{"line":22,"column":4}},"6":{"start":{"line":23,"column":44},"end":{"line":23,"column":56}},"7":{"start":{"line":24,"column":32},"end":{"line":24,"column":47}},"8":{"start":{"line":25,"column":28},"end":{"line":25,"column":42}},"9":{"start":{"line":27,"column":2},"end":{"line":61,"column":29}},"10":{"start":{"line":28,"column":4},"end":{"line":60,"column":5}},"11":{"start":{"line":29,"column":6},"end":{"line":29,"column":23}},"12":{"start":{"line":30,"column":28},"end":{"line":58,"column":7}},"13":{"start":{"line":31,"column":8},"end":{"line":57,"column":9}},"14":{"start":{"line":32,"column":27},"end":{"line":36,"column":12}},"15":{"start":{"line":37,"column":10},"end":{"line":39,"column":11}},"16":{"start":{"line":38,"column":12},"end":{"line":38,"column":70}},"17":{"start":{"line":40,"column":23},"end":{"line":40,"column":44}},"18":{"start":{"line":41,"column":10},"end":{"line":52,"column":13}},"19":{"start":{"line":54,"column":10},"end":{"line":54,"column":32}},"20":{"start":{"line":56,"column":10},"end":{"line":56,"column":28}},"21":{"start":{"line":59,"column":6},"end":{"line":59,"column":22}},"22":{"start":{"line":63,"column":27},"end":{"line":98,"column":3}},"23":{"start":{"line":64,"column":18},"end":{"line":64,"column":44}},"24":{"start":{"line":65,"column":4},"end":{"line":65,"column":28}},"25":{"start":{"line":67,"column":30},"end":{"line":67,"column":32}},"26":{"start":{"line":68,"column":4},"end":{"line":68,"column":21}},"27":{"start":{"line":69,"column":4},"end":{"line":92,"column":5}},"28":{"start":{"line":70,"column":23},"end":{"line":70,"column":37}},"29":{"start":{"line":71,"column":6},"end":{"line":71,"column":36}},"30":{"start":{"line":73,"column":6},"end":{"line":91,"column":7}},"31":{"start":{"line":74,"column":25},"end":{"line":80,"column":10}},"32":{"start":{"line":82,"column":8},"end":{"line":85,"column":9}},"33":{"start":{"line":83,"column":28},"end":{"line":83,"column":49}},"34":{"start":{"line":84,"column":10},"end":{"line":84,"column":78}},"35":{"start":{"line":86,"column":21},"end":{"line":86,"column":42}},"36":{"start":{"line":87,"column":8},"end":{"line":87,"column":41}},"37":{"start":{"line":89,"column":8},"end":{"line":89,"column":30}},"38":{"start":{"line":90,"column":8},"end":{"line":90,"column":54}},"39":{"start":{"line":93,"column":4},"end":{"line":93,"column":22}},"40":{"start":{"line":94,"column":4},"end":{"line":97,"column":8}},"41":{"start":{"line":94,"column":29},"end":{"line":97,"column":5}},"42":{"start":{"line":100,"column":23},"end":{"line":106,"column":3}},"43":{"start":{"line":101,"column":43},"end":{"line":101,"column":51}},"44":{"start":{"line":102,"column":4},"end":{"line":105,"column":8}},"45":{"start":{"line":102,"column":31},"end":{"line":105,"column":5}},"46":{"start":{"line":108,"column":28},"end":{"line":113,"column":3}},"47":{"start":{"line":109,"column":4},"end":{"line":112,"column":8}},"48":{"start":{"line":109,"column":29},"end":{"line":112,"column":5}},"49":{"start":{"line":111,"column":55},"end":{"line":111,"column":79}},"50":{"start":{"line":115,"column":23},"end":{"line":145,"column":3}},"51":{"start":{"line":116,"column":4},"end":{"line":116,"column":23}},"52":{"start":{"line":117,"column":4},"end":{"line":117,"column":21}},"53":{"start":{"line":118,"column":4},"end":{"line":118,"column":19}},"54":{"start":{"line":120,"column":19},"end":{"line":120,"column":45}},"55":{"start":{"line":121,"column":16},"end":{"line":121,"column":125}},"56":{"start":{"line":123,"column":4},"end":{"line":144,"column":5}},"57":{"start":{"line":124,"column":23},"end":{"line":131,"column":8}},"58":{"start":{"line":133,"column":6},"end":{"line":136,"column":7}},"59":{"start":{"line":134,"column":26},"end":{"line":134,"column":47}},"60":{"start":{"line":135,"column":8},"end":{"line":135,"column":85}},"61":{"start":{"line":138,"column":6},"end":{"line":138,"column":75}},"62":{"start":{"line":139,"column":6},"end":{"line":139,"column":36}},"63":{"start":{"line":141,"column":6},"end":{"line":141,"column":28}},"64":{"start":{"line":143,"column":6},"end":{"line":143,"column":24}},"65":{"start":{"line":147,"column":2},"end":{"line":147,"column":100}},"66":{"start":{"line":147,"column":28},"end":{"line":147,"column":100}},"67":{"start":{"line":148,"column":2},"end":{"line":148,"column":88}},"68":{"start":{"line":148,"column":13},"end":{"line":148,"column":88}},"69":{"start":{"line":150,"column":2},"end":{"line":230,"column":4}},"70":{"start":{"line":198,"column":54},"end":{"line":198,"column":57}},"71":{"start":{"line":199,"column":14},"end":{"line":208,"column":20}},"72":{"start":{"line":203,"column":33},"end":{"line":203,"column":60}}},"fnMap":{"0":{"name":"(anonymous_0)","decl":{"start":{"line":5,"column":21},"end":{"line":5,"column":22}},"loc":{"start":{"line":5,"column":27},"end":{"line":231,"column":1}},"line":5},"1":{"name":"(anonymous_1)","decl":{"start":{"line":27,"column":12},"end":{"line":27,"column":13}},"loc":{"start":{"line":27,"column":18},"end":{"line":61,"column":3}},"line":27},"2":{"name":"(anonymous_2)","decl":{"start":{"line":30,"column":28},"end":{"line":30,"column":29}},"loc":{"start":{"line":30,"column":40},"end":{"line":58,"column":7}},"line":30},"3":{"name":"(anonymous_3)","decl":{"start":{"line":63,"column":27},"end":{"line":63,"column":28}},"loc":{"start":{"line":63,"column":40},"end":{"line":98,"column":3}},"line":63},"4":{"name":"(anonymous_4)","decl":{"start":{"line":94,"column":16},"end":{"line":94,"column":17}},"loc":{"start":{"line":94,"column":29},"end":{"line":97,"column":5}},"line":94},"5":{"name":"(anonymous_5)","decl":{"start":{"line":100,"column":23},"end":{"line":100,"column":24}},"loc":{"start":{"line":100,"column":30},"end":{"line":106,"column":3}},"line":100},"6":{"name":"(anonymous_6)","decl":{"start":{"line":102,"column":16},"end":{"line":102,"column":17}},"loc":{"start":{"line":102,"column":31},"end":{"line":105,"column":5}},"line":102},"7":{"name":"(anonymous_7)","decl":{"start":{"line":108,"column":28},"end":{"line":108,"column":29}},"loc":{"start":{"line":108,"column":50},"end":{"line":113,"column":3}},"line":108},"8":{"name":"(anonymous_8)","decl":{"start":{"line":109,"column":16},"end":{"line":109,"column":17}},"loc":{"start":{"line":109,"column":29},"end":{"line":112,"column":5}},"line":109},"9":{"name":"(anonymous_9)","decl":{"start":{"line":111,"column":48},"end":{"line":111,"column":49}},"loc":{"start":{"line":111,"column":55},"end":{"line":111,"column":79}},"line":111},"10":{"name":"(anonymous_10)","decl":{"start":{"line":115,"column":23},"end":{"line":115,"column":24}},"loc":{"start":{"line":115,"column":36},"end":{"line":145,"column":3}},"line":115},"11":{"name":"(anonymous_11)","decl":{"start":{"line":198,"column":47},"end":{"line":198,"column":48}},"loc":{"start":{"line":198,"column":54},"end":{"line":198,"column":57}},"line":198},"12":{"name":"(anonymous_12)","decl":{"start":{"line":198,"column":63},"end":{"line":198,"column":64}},"loc":{"start":{"line":199,"column":14},"end":{"line":208,"column":20}},"line":199},"13":{"name":"(anonymous_13)","decl":{"start":{"line":203,"column":27},"end":{"line":203,"column":28}},"loc":{"start":{"line":203,"column":33},"end":{"line":203,"column":60}},"line":203}},"branchMap":{"0":{"loc":{"start":{"line":28,"column":4},"end":{"line":60,"column":5}},"type":"if","locations":[{"start":{"line":28,"column":4},"end":{"line":60,"column":5}},{"start":{},"end":{}}],"line":28},"1":{"loc":{"start":{"line":37,"column":10},"end":{"line":39,"column":11}},"type":"if","locations":[{"start":{"line":37,"column":10},"end":{"line":39,"column":11}},{"start":{},"end":{}}],"line":37},"2":{"loc":{"start":{"line":49,"column":20},"end":{"line":49,"column":75}},"type":"cond-expr","locations":[{"start":{"line":49,"column":49},"end":{"line":49,"column":70}},{"start":{"line":49,"column":73},"end":{"line":49,"column":75}}],"line":49},"3":{"loc":{"start":{"line":50,"column":23},"end":{"line":50,"column":84}},"type":"cond-expr","locations":[{"start":{"line":50,"column":55},"end":{"line":50,"column":79}},{"start":{"line":50,"column":82},"end":{"line":50,"column":84}}],"line":50},"4":{"loc":{"start":{"line":82,"column":8},"end":{"line":85,"column":9}},"type":"if","locations":[{"start":{"line":82,"column":8},"end":{"line":85,"column":9}},{"start":{},"end":{}}],"line":82},"5":{"loc":{"start":{"line":84,"column":26},"end":{"line":84,"column":76}},"type":"binary-expr","locations":[{"start":{"line":84,"column":26},"end":{"line":84,"column":41}},{"start":{"line":84,"column":45},"end":{"line":84,"column":76}}],"line":84},"6":{"loc":{"start":{"line":96,"column":14},"end":{"line":96,"column":113}},"type":"cond-expr","locations":[{"start":{"line":96,"column":32},"end":{"line":96,"column":83}},{"start":{"line":96,"column":86},"end":{"line":96,"column":113}}],"line":96},"7":{"loc":{"start":{"line":104,"column":14},"end":{"line":104,"column":51}},"type":"cond-expr","locations":[{"start":{"line":104,"column":36},"end":{"line":104,"column":43}},{"start":{"line":104,"column":46},"end":{"line":104,"column":51}}],"line":104},"8":{"loc":{"start":{"line":120,"column":19},"end":{"line":120,"column":45}},"type":"cond-expr","locations":[{"start":{"line":120,"column":31},"end":{"line":120,"column":36}},{"start":{"line":120,"column":39},"end":{"line":120,"column":45}}],"line":120},"9":{"loc":{"start":{"line":121,"column":16},"end":{"line":121,"column":125}},"type":"cond-expr","locations":[{"start":{"line":121,"column":28},"end":{"line":121,"column":78}},{"start":{"line":121,"column":81},"end":{"line":121,"column":125}}],"line":121},"10":{"loc":{"start":{"line":133,"column":6},"end":{"line":136,"column":7}},"type":"if","locations":[{"start":{"line":133,"column":6},"end":{"line":136,"column":7}},{"start":{},"end":{}}],"line":133},"11":{"loc":{"start":{"line":135,"column":24},"end":{"line":135,"column":83}},"type":"binary-expr","locations":[{"start":{"line":135,"column":24},"end":{"line":135,"column":39}},{"start":{"line":135,"column":43},"end":{"line":135,"column":83}}],"line":135},"12":{"loc":{"start":{"line":138,"column":24},"end":{"line":138,"column":57}},"type":"cond-expr","locations":[{"start":{"line":138,"column":36},"end":{"line":138,"column":45}},{"start":{"line":138,"column":48},"end":{"line":138,"column":57}}],"line":138},"13":{"loc":{"start":{"line":147,"column":2},"end":{"line":147,"column":100}},"type":"if","locations":[{"start":{"line":147,"column":2},"end":{"line":147,"column":100}},{"start":{},"end":{}}],"line":147},"14":{"loc":{"start":{"line":147,"column":6},"end":{"line":147,"column":26}},"type":"binary-expr","locations":[{"start":{"line":147,"column":6},"end":{"line":147,"column":13}},{"start":{"line":147,"column":17},"end":{"line":147,"column":26}}],"line":147},"15":{"loc":{"start":{"line":148,"column":2},"end":{"line":148,"column":88}},"type":"if","locations":[{"start":{"line":148,"column":2},"end":{"line":148,"column":88}},{"start":{},"end":{}}],"line":148},"16":{"loc":{"start":{"line":152,"column":47},"end":{"line":152,"column":95}},"type":"cond-expr","locations":[{"start":{"line":152,"column":59},"end":{"line":152,"column":74}},{"start":{"line":152,"column":77},"end":{"line":152,"column":95}}],"line":152},"17":{"loc":{"start":{"line":225,"column":13},"end":{"line":225,"column":85}},"type":"cond-expr","locations":[{"start":{"line":225,"column":23},"end":{"line":225,"column":34}},{"start":{"line":225,"column":38},"end":{"line":225,"column":84}}],"line":225},"18":{"loc":{"start":{"line":225,"column":38},"end":{"line":225,"column":84}},"type":"cond-expr","locations":[{"start":{"line":225,"column":50},"end":{"line":225,"column":67}},{"start":{"line":225,"column":70},"end":{"line":225,"colum
[...]
,"C:\\Users\\agarcia12345678\\Documents\\Personal\\realstate-app\\frontend\\src\\pages\\LoginPage.js": {"path":"C:\\Users\\agarcia12345678\\Documents\\Personal\\realstate-app\\frontend\\src\\pages\\LoginPage.js","statementMap":{"0":{"start":{"line":6,"column":26},"end":{"line":17,"column":1}},"1":{"start":{"line":7,"column":28},"end":{"line":10,"column":3}},"2":{"start":{"line":9,"column":4},"end":{"line":9,"column":73}},"3":{"start":{"line":12,"column":2},"end":{"line":16,"column":4}},"4":{"start":{"line":21,"column":28},"end":{"line":21,"column":40}},"5":{"start":{"line":22,"column":34},"end":{"line":22,"column":46}},"6":{"start":{"line":23,"column":28},"end":{"line":23,"column":40}},"7":{"start":{"line":24,"column":20},"end":{"line":24,"column":29}},"8":{"start":{"line":25,"column":19},"end":{"line":25,"column":32}},"9":{"start":{"line":27,"column":23},"end":{"line":48,"column":3}},"10":{"start":{"line":28,"column":4},"end":{"line":28,"column":23}},"11":{"start":{"line":29,"column":4},"end":{"line":29,"column":17}},"12":{"start":{"line":30,"column":4},"end":{"line":47,"column":5}},"13":{"start":{"line":31,"column":23},"end":{"line":35,"column":8}},"14":{"start":{"line":37,"column":19},"end":{"line":37,"column":40}},"15":{"start":{"line":39,"column":6},"end":{"line":44,"column":7}},"16":{"start":{"line":40,"column":8},"end":{"line":40,"column":33}},"17":{"start":{"line":41,"column":8},"end":{"line":41,"column":22}},"18":{"start":{"line":43,"column":8},"end":{"line":43,"column":51}},"19":{"start":{"line":46,"column":6},"end":{"line":46,"column":55}},"20":{"start":{"line":50,"column":2},"end":{"line":80,"column":4}},"21":{"start":{"line":61,"column":31},"end":{"line":61,"column":55}},"22":{"start":{"line":70,"column":31},"end":{"line":70,"column":58}}},"fnMap":{"0":{"name":"(anonymous_0)","decl":{"start":{"line":6,"column":26},"end":{"line":6,"column":27}},"loc":{"start":{"line":6,"column":32},"end":{"line":17,"column":1}},"line":6},"1":{"name":"(anonymous_1)","decl":{"start":{"line":7,"column":28},"end":{"line":7,"column":29}},"loc":{"start":{"line":7,"column":34},"end":{"line":10,"column":3}},"line":7},"2":{"name":"LoginPage","decl":{"start":{"line":20,"column":9},"end":{"line":20,"column":18}},"loc":{"start":{"line":20,"column":21},"end":{"line":81,"column":1}},"line":20},"3":{"name":"(anonymous_3)","decl":{"start":{"line":27,"column":23},"end":{"line":27,"column":24}},"loc":{"start":{"line":27,"column":36},"end":{"line":48,"column":3}},"line":27},"4":{"name":"(anonymous_4)","decl":{"start":{"line":61,"column":24},"end":{"line":61,"column":25}},"loc":{"start":{"line":61,"column":31},"end":{"line":61,"column":55}},"line":61},"5":{"name":"(anonymous_5)","decl":{"start":{"line":70,"column":24},"end":{"line":70,"column":25}},"loc":{"start":{"line":70,"column":31},"end":{"line":70,"column":58}},"line":70}},"branchMap":{"0":{"loc":{"start":{"line":39,"column":6},"end":{"line":44,"column":7}},"type":"if","locations":[{"start":{"line":39,"column":6},"end":{"line":44,"column":7}},{"start":{"line":42,"column":13},"end":{"line":44,"column":7}}],"line":39},"1":{"loc":{"start":{"line":43,"column":17},"end":{"line":43,"column":49}},"type":"binary-expr","locations":[{"start":{"line":43,"column":17},"end":{"line":43,"column":27}},{"start":{"line":43,"column":31},"end":{"line":43,"column":49}}],"line":43},"2":{"loc":{"start":{"line":54,"column":9},"end":{"line":54,"column":57}},"type":"binary-expr","locations":[{"start":{"line":54,"column":9},"end":{"line":54,"column":14}},{"start":{"line":54,"column":18},"end":{"line":54,"column":57}}],"line":54}},"s":{"0":0,"1":0,"2":0,"3":0,"4":0,"5":0,"6":0,"7":0,"8":0,"9":0,"10":0,"11":0,"12":0,"13":0,"14":0,"15":0,"16":0,"17":0,"18":0,"19":0,"20":0,"21":0,"22":0},"f":{"0":0,"1":0,"2":0,"3":0,"4":0,"5":0},"b":{"0":[0,0],"1":[0,0],"2":[0,0]}}
,"C:\\Users\\agarcia12345678\\Documents\\Personal\\realstate-app\\frontend\\src\\pages\\PropertyDetail.js": {"path":"C:\\Users\\agarcia12345678\\Documents\\Personal\\realstate-app\\frontend\\src\\pages\\PropertyDetail.js","statementMap":{"0":{"start":{"line":7,"column":17},"end":{"line":7,"column":28}},"1":{"start":{"line":8,"column":34},"end":{"line":8,"column":48}},"2":{"start":{"line":9,"column":32},"end":{"line":9,"column":46}},"3":{"start":{"line":11,"column":2},"end":{"line":13,"column":11}},"4":{"start":{"line":12,"column":4},"end":{"line":12,"column":20}},"5":{"start":{"line":15,"column":24},"end":{"line":94,"column":3}},"6":{"start":{"line":16,"column":4},"end":{"line":93,"column":5}},"7":{"start":{"line":17,"column":23},"end":{"line":17,"column":55}},"8":{"start":{"line":18,"column":19},"end":{"line":18,"column":40}},"9":{"start":{"line":19,"column":6},"end":{"line":19,"column":24}},"10":{"start":{"line":20,"column":6},"end":{"line":20,"column":24}},"11":{"start":{"line":23,"column":29},"end":{"line":88,"column":7}},"12":{"start":{"line":90,"column":28},"end":{"line":90,"column":75}},"13":{"start":{"line":90,"column":53},"end":{"line":90,"column":74}},"14":{"start":{"line":91,"column":6},"end":{"line":91,"column":33}},"15":{"start":{"line":92,"column":6},"end":{"line":92,"column":24}},"16":{"start":{"line":96,"column":22},"end":{"line":102,"column":3}},"17":{"start":{"line":97,"column":4},"end":{"line":101,"column":21}},"18":{"start":{"line":104,"column":28},"end":{"line":107,"column":3}},"19":{"start":{"line":105,"column":4},"end":{"line":105,"column":46}},"20":{"start":{"line":109,"column":30},"end":{"line":112,"column":3}},"21":{"start":{"line":110,"column":4},"end":{"line":110,"column":48}},"22":{"start":{"line":114,"column":26},"end":{"line":120,"column":3}},"23":{"start":{"line":115,"column":4},"end":{"line":119,"column":5}},"24":{"start":{"line":116,"column":6},"end":{"line":116,"column":60}},"25":{"start":{"line":118,"column":6},"end":{"line":118,"column":41}},"26":{"start":{"line":122,"column":2},"end":{"line":122,"column":81}},"27":{"start":{"line":122,"column":15},"end":{"line":122,"column":81}},"28":{"start":{"line":123,"column":2},"end":{"line":123,"column":72}},"29":{"start":{"line":123,"column":17},"end":{"line":123,"column":72}},"30":{"start":{"line":125,"column":2},"end":{"line":239,"column":4}},"31":{"start":{"line":191,"column":18},"end":{"line":193,"column":24}}},"fnMap":{"0":{"name":"PropertyDetail","decl":{"start":{"line":6,"column":9},"end":{"line":6,"column":23}},"loc":{"start":{"line":6,"column":26},"end":{"line":240,"column":1}},"line":6},"1":{"name":"(anonymous_1)","decl":{"start":{"line":11,"column":12},"end":{"line":11,"column":13}},"loc":{"start":{"line":11,"column":18},"end":{"line":13,"column":3}},"line":11},"2":{"name":"(anonymous_2)","decl":{"start":{"line":15,"column":24},"end":{"line":15,"column":25}},"loc":{"start":{"line":15,"column":36},"end":{"line":94,"column":3}},"line":15},"3":{"name":"(anonymous_3)","decl":{"start":{"line":90,"column":48},"end":{"line":90,"column":49}},"loc":{"start":{"line":90,"column":53},"end":{"line":90,"column":74}},"line":90},"4":{"name":"(anonymous_4)","decl":{"start":{"line":96,"column":22},"end":{"line":96,"column":23}},"loc":{"start":{"line":96,"column":33},"end":{"line":102,"column":3}},"line":96},"5":{"name":"(anonymous_5)","decl":{"start":{"line":104,"column":28},"end":{"line":104,"column":29}},"loc":{"start":{"line":104,"column":45},"end":{"line":107,"column":3}},"line":104},"6":{"name":"(anonymous_6)","decl":{"start":{"line":109,"column":30},"end":{"line":109,"column":31}},"loc":{"start":{"line":109,"column":47},"end":{"line":112,"column":3}},"line":109},"7":{"name":"(anonymous_7)","decl":{"start":{"line":114,"column":26},"end":{"line":114,"column":27}},"loc":{"start":{"line":114,"column":32},"end":{"line":120,"column":3}},"line":114},"8":{"name":"(anonymous_8)","decl":{"start":{"line":190,"column":39},"end":{"line":190,"column":40}},"loc":{"start":{"line":191,"column":18},"end":{"line":193,"column":24}},"line":191}},"branchMap":{"0":{"loc":{"start":{"line":115,"column":4},"end":{"line":119,"column":5}},"type":"if","locations":[{"start":{"line":115,"column":4},"end":{"line":119,"column":5}},{"start":{"line":117,"column":11},"end":{"line":119,"column":5}}],"line":115},"1":{"loc":{"start":{"line":122,"column":2},"end":{"line":122,"column":81}},"type":"if","locations":[{"start":{"line":122,"column":2},"end":{"line":122,"column":81}},{"start":{},"end":{}}],"line":122},"2":{"loc":{"start":{"line":123,"column":2},"end":{"line":123,"column":72}},"type":"if","locations":[{"start":{"line":123,"column":2},"end":{"line":123,"column":72}},{"start":{},"end":{}}],"line":123},"3":{"loc":{"start":{"line":141,"column":15},"end":{"line":141,"column":67}},"type":"cond-expr","locations":[{"start":{"line":141,"column":44},"end":{"line":141,"column":54}},{"start":{"line":141,"column":57},"end":{"line":141,"column":67}}],"line":141},"4":{"loc":{"start":{"line":149,"column":15},"end":{"line":154,"column":15}},"type":"binary-expr","locations":[{"start":{"line":149,"column":15},"end":{"line":149,"column":32}},{"start":{"line":150,"column":16},"end":{"line":153,"column":22}}],"line":149},"5":{"loc":{"start":{"line":173,"column":15},"end":{"line":179,"column":15}},"type":"binary-expr","locations":[{"start":{"line":173,"column":15},"end":{"line":173,"column":41}},{"start":{"line":174,"column":16},"end":{"line":178,"column":22}}],"line":173},"6":{"loc":{"start":{"line":200,"column":15},"end":{"line":210,"column":15}},"type":"cond-expr","locations":[{"start":{"line":201,"column":16},"end":{"line":204,"column":18}},{"start":{"line":206,"column":16},"end":{"line":209,"column":18}}],"line":200},"7":{"loc":{"start":{"line":220,"column":24},"end":{"line":220,"column":102}},"type":"cond-expr","locations":[{"start":{"line":220,"column":53},"end":{"line":220,"column":71}},{"start":{"line":220,"column":74},"end":{"line":220,"column":102}}],"line":220}},"s":{"0":1,"1":1,"2":1,"3":1,"4":1,"5":1,"6":1,"7":1,"8":0,"9":0,"10":0,"11":0,"12":0,"13":0,"14":0,"15":0,"16":1,"17":0,"18":1,"19":0,"20":1,"21":0,"22":1,"23":0,"24":0,"25":0,"26":1,"27":1,"28":0,"29":0,"30":0,"31":0},"f":{"0":1,"1":1,"2":1,"3":0,"4":0,"5":0,"6":0,"7":0,"8":0},"b":{"0":[0,0],"1":[1,0],"2":[0,0],"3":[0,0],"4":[0,0],"5":[0,0],"6":[0,0],"7":[0,0]},"_coverageSchema":"1a1c01bbd47fc00a2c39e90264f33305004495a9","hash":"80fbf3e10afc1f8c99b624ccf707624b66ebf842"}
,"C:\\Users\\agarcia12345678\\Documents\\Personal\\realstate-app\\frontend\\src\\pages\\RegisterPage.js": {"path":"C:\\Users\\agarcia12345678\\Documents\\Personal\\realstate-app\\frontend\\src\\pages\\RegisterPage.js","statementMap":{"0":{"start":{"line":5,"column":26},"end":{"line":5,"column":38}},"1":{"start":{"line":6,"column":28},"end":{"line":6,"column":40}},"2":{"start":{"line":7,"column":34},"end":{"line":7,"column":46}},"3":{"start":{"line":8,"column":28},"end":{"line":8,"column":40}},"4":{"start":{"line":9,"column":32},"end":{"line":9,"column":44}},"5":{"start":{"line":10,"column":19},"end":{"line":10,"column":32}},"6":{"start":{"line":12,"column":23},"end":{"line":34,"column":3}},"7":{"start":{"line":13,"column":4},"end":{"line":13,"column":23}},"8":{"start":{"line":14,"column":4},"end":{"line":14,"column":17}},"9":{"start":{"line":15,"column":4},"end":{"line":15,"column":19}},"10":{"start":{"line":16,"column":4},"end":{"line":33,"column":5}},"11":{"start":{"line":17,"column":23},"end":{"line":21,"column":8}},"12":{"start":{"line":23,"column":19},"end":{"line":23,"column":40}},"13":{"start":{"line":25,"column":6},"end":{"line":30,"column":7}},"14":{"start":{"line":26,"column":8},"end":{"line":26,"column":71}},"15":{"start":{"line":27,"column":8},"end":{"line":27,"column":51}},"16":{"start":{"line":27,"column":25},"end":{"line":27,"column":43}},"17":{"start":{"line":29,"column":8},"end":{"line":29,"column":53}},"18":{"start":{"line":32,"column":6},"end":{"line":32,"column":55}},"19":{"start":{"line":36,"column":2},"end":{"line":74,"column":4}},"20":{"start":{"line":48,"column":31},"end":{"line":48,"column":54}},"21":{"start":{"line":57,"column":31},"end":{"line":57,"column":55}},"22":{"start":{"line":66,"column":31},"end":{"line":66,"column":58}}},"fnMap":{"0":{"name":"RegisterPage","decl":{"start":{"line":4,"column":9},"end":{"line":4,"column":21}},"loc":{"start":{"line":4,"column":24},"end":{"line":75,"column":1}},"line":4},"1":{"name":"(anonymous_1)","decl":{"start":{"line":12,"column":23},"end":{"line":12,"column":24}},"loc":{"start":{"line":12,"column":36},"end":{"line":34,"column":3}},"line":12},"2":{"name":"(anonymous_2)","decl":{"start":{"line":27,"column":19},"end":{"line":27,"column":20}},"loc":{"start":{"line":27,"column":25},"end":{"line":27,"column":43}},"line":27},"3":{"name":"(anonymous_3)","decl":{"start":{"line":48,"column":24},"end":{"line":48,"column":25}},"loc":{"start":{"line":48,"column":31},"end":{"line":48,"column":54}},"line":48},"4":{"name":"(anonymous_4)","decl":{"start":{"line":57,"column":24},"end":{"line":57,"column":25}},"loc":{"start":{"line":57,"column":31},"end":{"line":57,"column":55}},"line":57},"5":{"name":"(anonymous_5)","decl":{"start":{"line":66,"column":24},"end":{"line":66,"column":25}},"loc":{"start":{"line":66,"column":31},"end":{"line":66,"column":58}},"line":66}},"branchMap":{"0":{"loc":{"start":{"line":25,"column":6},"end":{"line":30,"column":7}},"type":"if","locations":[{"start":{"line":25,"column":6},"end":{"line":30,"column":7}},{"start":{"line":28,"column":13},"end":{"line":30,"column":7}}],"line":25},"1":{"loc":{"start":{"line":29,"column":17},"end":{"line":29,"column":51}},"type":"binary-expr","locations":[{"start":{"line":29,"column":17},"end":{"line":29,"column":27}},{"start":{"line":29,"column":31},"end":{"line":29,"column":51}}],"line":29},"2":{"loc":{"start":{"line":40,"column":9},"end":{"line":40,"column":57}},"type":"binary-expr","locations":[{"start":{"line":40,"column":9},"end":{"line":40,"column":14}},{"start":{"line":40,"column":18},"end":{"line":40,"column":57}}],"line":40},"3":{"loc":{"start":{"line":41,"column":9},"end":{"line":41,"column":63}},"type":"binary-expr","locations":[{"start":{"line":41,"column":9},"end":{"line":41,"column":16}},{"start":{"line":41,"column":20},"end":{"line":41,"column":63}}],"line":41}},"s":{"0":0,"1":0,"2":0,"3":0,"4":0,"5":0,"6":0,"7":0,"8":0,"9":0,"10":0,"11":0,"12":0,"13":0,"14":0,"15":0,"16":0,"17":0,"18":0,"19":0,"20":0,"21":0,"22":0},"f":{"0":0,"1":0,"2":0,"3":0,"4":0,"5":0},"b":{"0":[0,0],"1":[0,0],"2":[0,0],"3":[0,0]}}
,"C:\\Users\\agarcia12345678\\Documents\\Personal\\realstate-app\\frontend\\src\\utils\\testUtils.js": {"path":"C:\\Users\\agarcia12345678\\Documents\\Personal\\realstate-app\\frontend\\src\\utils\\testUtils.js","statementMap":{"0":{"start":{"line":11,"column":24},"end":{"line":17,"column":1}},"1":{"start":{"line":19,"column":25},"end":{"line":22,"column":1}},"2":{"start":{"line":24,"column":28},"end":{"line":28,"column":1}},"3":{"start":{"line":27,"column":14},"end":{"line":27,"column":17}},"4":{"start":{"line":30,"column":24},"end":{"line":35,"column":1}},"5":{"start":{"line":32,"column":25},"end":{"line":32,"column":30}},"6":{"start":{"line":38,"column":35},"end":{"line":72,"column":1}},"7":{"start":{"line":49,"column":2},"end":{"line":49,"column":51}},"8":{"start":{"line":51,"column":18},"end":{"line":63,"column":3}},"9":{"start":{"line":52,"column":4},"end":{"line":62,"column":20}},"10":{"start":{"line":65,"column":2},"end":{"line":71,"column":4}},"11":{"start":{"line":75,"column":39},"end":{"line":84,"column":2}},"12":{"start":{"line":75,"column":60},"end":{"line":84,"column":1}},"13":{"start":{"line":87,"column":31},"end":{"line":96,"column":2}},"14":{"start":{"line":87,"column":52},"end":{"line":96,"column":1}},"15":{"start":{"line":99,"column":28},"end":{"line":118,"column":1}},"16":{"start":{"line":121,"column":34},"end":{"line":132,"column":1}},"17":{"start":{"line":135,"column":38},"end":{"line":136,"column":48}},"18":{"start":{"line":136,"column":2},"end":{"line":136,"column":48}},"19":{"start":{"line":136,"column":25},"end":{"line":136,"column":47}}},"fnMap":{"0":{"name":"(anonymous_0)","decl":{"start":{"line":27,"column":5},"end":{"line":27,"column":6}},"loc":{"start":{"line":27,"column":14},"end":{"line":27,"column":17}},"line":27},"1":{"name":"(anonymous_1)","decl":{"start":{"line":32,"column":19},"end":{"line":32,"column":20}},"loc":{"start":{"line":32,"column":25},"end":{"line":32,"column":30}},"line":32},"2":{"name":"(anonymous_2)","decl":{"start":{"line":38,"column":35},"end":{"line":38,"column":36}},"loc":{"start":{"line":48,"column":5},"end":{"line":72,"column":1}},"line":48},"3":{"name":"(anonymous_3)","decl":{"start":{"line":51,"column":18},"end":{"line":51,"column":19}},"loc":{"start":{"line":52,"column":4},"end":{"line":62,"column":20}},"line":52},"4":{"name":"(anonymous_4)","decl":{"start":{"line":75,"column":39},"end":{"line":75,"column":40}},"loc":{"start":{"line":75,"column":60},"end":{"line":84,"column":1}},"line":75},"5":{"name":"(anonymous_5)","decl":{"start":{"line":87,"column":31},"end":{"line":87,"column":32}},"loc":{"start":{"line":87,"column":52},"end":{"line":96,"column":1}},"line":87},"6":{"name":"(anonymous_6)","decl":{"start":{"line":135,"column":38},"end":{"line":135,"column":39}},"loc":{"start":{"line":136,"column":2},"end":{"line":136,"column":48}},"line":136},"7":{"name":"(anonymous_7)","decl":{"start":{"line":136,"column":14},"end":{"line":136,"column":15}},"loc":{"start":{"line":136,"column":25},"end":{"line":136,"column":47}},"line":136}},"branchMap":{"0":{"loc":{"start":{"line":40,"column":2},"end":{"line":47,"column":8}},"type":"default-arg","locations":[{"start":{"line":47,"column":6},"end":{"line":47,"column":8}}],"line":40},"1":{"loc":{"start":{"line":41,"column":4},"end":{"line":41,"column":33}},"type":"default-arg","locations":[{"start":{"line":41,"column":18},"end":{"line":41,"column":33}}],"line":41},"2":{"loc":{"start":{"line":42,"column":4},"end":{"line":42,"column":35}},"type":"default-arg","locations":[{"start":{"line":42,"column":19},"end":{"line":42,"column":35}}],"line":42},"3":{"loc":{"start":{"line":43,"column":4},"end":{"line":43,"column":41}},"type":"default-arg","locations":[{"start":{"line":43,"column":22},"end":{"line":43,"column":41}}],"line":43},"4":{"loc":{"start":{"line":44,"column":4},"end":{"line":44,"column":33}},"type":"default-arg","locations":[{"start":{"line":44,"column":18},"end":{"line":44,"column":33}}],"line":44},"5":{"loc":{"start":{"line":45,"column":4},"end":{"line":45,"column":15}},"type":"default-arg","locations":[{"start":{"line":45,"column":12},"end":{"line":45,"column":15}}],"line":45},"6":{"loc":{"start":{"line":75,"column":40},"end":{"line":75,"column":54}},"type":"default-arg","locations":[{"start":{"line":75,"column":52},"end":{"line":75,"column":54}}],"line":75},"7":{"loc":{"start":{"line":87,"column":32},"end":{"line":87,"column":46}},"type":"default-arg","locations":[{"start":{"line":87,"column":44},"end":{"line":87,"column":46}}],"line":87}},"s":{"0":0,"1":0,"2":0,"3":0,"4":0,"5":0,"6":0,"7":0,"8":0,"9":0,"10":0,"11":0,"12":0,"13":0,"14":0,"15":0,"16":0,"17":0,"18":0,"19":0},"f":{"0":0,"1":0,"2":0,"3":0,"4":0,"5":0,"6":0,"7":0},"b":{"0":[0],"1":[0],"2":[0],"3":[0],"4":[0],"5":[0],"6":[0],"7":[0]}}
}
